2023-02-05 12:22:07,983 [Worker-1: Loading available Gradle versions] INFO  o.e.b.c.i.u.g.PublishedGradleVersions - Gradle version information cache is up-to-date. Trying to read.
2023-02-05 12:26:06,189 [Worker-1: Launching mavenrun-fc2e738c-b06f-47b5-9fcb-1c05731d9681] INFO  o.eclipse.m2e.core.internal.Bundles - getClasspathEntries(Bundle=org.eclipse.m2e.maven.runtime_3.8.604.20221130-2149 [270])
2023-02-05 12:26:06,197 [Worker-1: Launching mavenrun-fc2e738c-b06f-47b5-9fcb-1c05731d9681] INFO  o.eclipse.m2e.core.internal.Bundles - 	Entry: C:\Users\user\Desktop\eclipse\plugins\org.eclipse.m2e.maven.runtime_3.8.604.20221130-2149
2023-02-05 12:26:06,197 [Worker-1: Launching mavenrun-fc2e738c-b06f-47b5-9fcb-1c05731d9681] INFO  o.eclipse.m2e.core.internal.Bundles - 	Entry: C:\Users\user\Desktop\eclipse\plugins\org.eclipse.m2e.maven.runtime_3.8.604.20221130-2149\jars\aether-connector-okhttp-0.17.8.jar
2023-02-05 12:26:06,198 [Worker-1: Launching mavenrun-fc2e738c-b06f-47b5-9fcb-1c05731d9681] INFO  o.eclipse.m2e.core.internal.Bundles - 	Entry: C:\Users\user\Desktop\eclipse\plugins\org.eclipse.m2e.maven.runtime_3.8.604.20221130-2149\jars\commons-cli-1.4.jar
2023-02-05 12:26:06,199 [Worker-1: Launching mavenrun-fc2e738c-b06f-47b5-9fcb-1c05731d9681] INFO  o.eclipse.m2e.core.internal.Bundles - 	Entry: C:\Users\user\Desktop\eclipse\plugins\org.eclipse.m2e.maven.runtime_3.8.604.20221130-2149\jars\commons-io-2.6.jar
2023-02-05 12:26:06,199 [Worker-1: Launching mavenrun-fc2e738c-b06f-47b5-9fcb-1c05731d9681] INFO  o.eclipse.m2e.core.internal.Bundles - 	Entry: C:\Users\user\Desktop\eclipse\plugins\org.eclipse.m2e.maven.runtime_3.8.604.20221130-2149\jars\commons-lang3-3.8.1.jar
2023-02-05 12:26:06,199 [Worker-1: Launching mavenrun-fc2e738c-b06f-47b5-9fcb-1c05731d9681] INFO  o.eclipse.m2e.core.internal.Bundles - 	Entry: C:\Users\user\Desktop\eclipse\plugins\org.eclipse.m2e.maven.runtime_3.8.604.20221130-2149\jars\guice-4.2.2-no_aop.jar
2023-02-05 12:26:06,200 [Worker-1: Launching mavenrun-fc2e738c-b06f-47b5-9fcb-1c05731d9681] INFO  o.eclipse.m2e.core.internal.Bundles - 	Entry: C:\Users\user\Desktop\eclipse\plugins\org.eclipse.m2e.maven.runtime_3.8.604.20221130-2149\jars\jansi-2.4.0.jar
2023-02-05 12:26:06,200 [Worker-1: Launching mavenrun-fc2e738c-b06f-47b5-9fcb-1c05731d9681] INFO  o.eclipse.m2e.core.internal.Bundles - 	Entry: C:\Users\user\Desktop\eclipse\plugins\org.eclipse.m2e.maven.runtime_3.8.604.20221130-2149\jars\maven-artifact-3.8.6.jar
2023-02-05 12:26:06,200 [Worker-1: Launching mavenrun-fc2e738c-b06f-47b5-9fcb-1c05731d9681] INFO  o.eclipse.m2e.core.internal.Bundles - 	Entry: C:\Users\user\Desktop\eclipse\plugins\org.eclipse.m2e.maven.runtime_3.8.604.20221130-2149\jars\maven-builder-support-3.8.6.jar
2023-02-05 12:26:06,200 [Worker-1: Launching mavenrun-fc2e738c-b06f-47b5-9fcb-1c05731d9681] INFO  o.eclipse.m2e.core.internal.Bundles - 	Entry: C:\Users\user\Desktop\eclipse\plugins\org.eclipse.m2e.maven.runtime_3.8.604.20221130-2149\jars\maven-compat-3.8.6.jar
2023-02-05 12:26:06,201 [Worker-1: Launching mavenrun-fc2e738c-b06f-47b5-9fcb-1c05731d9681] INFO  o.eclipse.m2e.core.internal.Bundles - 	Entry: C:\Users\user\Desktop\eclipse\plugins\org.eclipse.m2e.maven.runtime_3.8.604.20221130-2149\jars\maven-core-3.8.6.jar
2023-02-05 12:26:06,201 [Worker-1: Launching mavenrun-fc2e738c-b06f-47b5-9fcb-1c05731d9681] INFO  o.eclipse.m2e.core.internal.Bundles - 	Entry: C:\Users\user\Desktop\eclipse\plugins\org.eclipse.m2e.maven.runtime_3.8.604.20221130-2149\jars\maven-embedder-3.8.6.jar
2023-02-05 12:26:06,201 [Worker-1: Launching mavenrun-fc2e738c-b06f-47b5-9fcb-1c05731d9681] INFO  o.eclipse.m2e.core.internal.Bundles - 	Entry: C:\Users\user\Desktop\eclipse\plugins\org.eclipse.m2e.maven.runtime_3.8.604.20221130-2149\jars\maven-model-3.8.6.jar
2023-02-05 12:26:06,202 [Worker-1: Launching mavenrun-fc2e738c-b06f-47b5-9fcb-1c05731d9681] INFO  o.eclipse.m2e.core.internal.Bundles - 	Entry: C:\Users\user\Desktop\eclipse\plugins\org.eclipse.m2e.maven.runtime_3.8.604.20221130-2149\jars\maven-model-builder-3.8.6.jar
2023-02-05 12:26:06,202 [Worker-1: Launching mavenrun-fc2e738c-b06f-47b5-9fcb-1c05731d9681] INFO  o.eclipse.m2e.core.internal.Bundles - 	Entry: C:\Users\user\Desktop\eclipse\plugins\org.eclipse.m2e.maven.runtime_3.8.604.20221130-2149\jars\maven-plugin-api-3.8.6.jar
2023-02-05 12:26:06,202 [Worker-1: Launching mavenrun-fc2e738c-b06f-47b5-9fcb-1c05731d9681] INFO  o.eclipse.m2e.core.internal.Bundles - 	Entry: C:\Users\user\Desktop\eclipse\plugins\org.eclipse.m2e.maven.runtime_3.8.604.20221130-2149\jars\maven-repository-metadata-3.8.6.jar
2023-02-05 12:26:06,203 [Worker-1: Launching mavenrun-fc2e738c-b06f-47b5-9fcb-1c05731d9681] INFO  o.eclipse.m2e.core.internal.Bundles - 	Entry: C:\Users\user\Desktop\eclipse\plugins\org.eclipse.m2e.maven.runtime_3.8.604.20221130-2149\jars\maven-resolver-api-1.6.3.jar
2023-02-05 12:26:06,203 [Worker-1: Launching mavenrun-fc2e738c-b06f-47b5-9fcb-1c05731d9681] INFO  o.eclipse.m2e.core.internal.Bundles - 	Entry: C:\Users\user\Desktop\eclipse\plugins\org.eclipse.m2e.maven.runtime_3.8.604.20221130-2149\jars\maven-resolver-connector-basic-1.6.3.jar
2023-02-05 12:26:06,203 [Worker-1: Launching mavenrun-fc2e738c-b06f-47b5-9fcb-1c05731d9681] INFO  o.eclipse.m2e.core.internal.Bundles - 	Entry: C:\Users\user\Desktop\eclipse\plugins\org.eclipse.m2e.maven.runtime_3.8.604.20221130-2149\jars\maven-resolver-impl-1.6.3.jar
2023-02-05 12:26:06,204 [Worker-1: Launching mavenrun-fc2e738c-b06f-47b5-9fcb-1c05731d9681] INFO  o.eclipse.m2e.core.internal.Bundles - 	Entry: C:\Users\user\Desktop\eclipse\plugins\org.eclipse.m2e.maven.runtime_3.8.604.20221130-2149\jars\maven-resolver-provider-3.8.6.jar
2023-02-05 12:26:06,204 [Worker-1: Launching mavenrun-fc2e738c-b06f-47b5-9fcb-1c05731d9681] INFO  o.eclipse.m2e.core.internal.Bundles - 	Entry: C:\Users\user\Desktop\eclipse\plugins\org.eclipse.m2e.maven.runtime_3.8.604.20221130-2149\jars\maven-resolver-spi-1.6.3.jar
2023-02-05 12:26:06,204 [Worker-1: Launching mavenrun-fc2e738c-b06f-47b5-9fcb-1c05731d9681] INFO  o.eclipse.m2e.core.internal.Bundles - 	Entry: C:\Users\user\Desktop\eclipse\plugins\org.eclipse.m2e.maven.runtime_3.8.604.20221130-2149\jars\maven-resolver-transport-wagon-1.6.3.jar
2023-02-05 12:26:06,204 [Worker-1: Launching mavenrun-fc2e738c-b06f-47b5-9fcb-1c05731d9681] INFO  o.eclipse.m2e.core.internal.Bundles - 	Entry: C:\Users\user\Desktop\eclipse\plugins\org.eclipse.m2e.maven.runtime_3.8.604.20221130-2149\jars\maven-resolver-util-1.6.3.jar
2023-02-05 12:26:06,205 [Worker-1: Launching mavenrun-fc2e738c-b06f-47b5-9fcb-1c05731d9681] INFO  o.eclipse.m2e.core.internal.Bundles - 	Entry: C:\Users\user\Desktop\eclipse\plugins\org.eclipse.m2e.maven.runtime_3.8.604.20221130-2149\jars\maven-settings-3.8.6.jar
2023-02-05 12:26:06,205 [Worker-1: Launching mavenrun-fc2e738c-b06f-47b5-9fcb-1c05731d9681] INFO  o.eclipse.m2e.core.internal.Bundles - 	Entry: C:\Users\user\Desktop\eclipse\plugins\org.eclipse.m2e.maven.runtime_3.8.604.20221130-2149\jars\maven-settings-builder-3.8.6.jar
2023-02-05 12:26:06,205 [Worker-1: Launching mavenrun-fc2e738c-b06f-47b5-9fcb-1c05731d9681] INFO  o.eclipse.m2e.core.internal.Bundles - 	Entry: C:\Users\user\Desktop\eclipse\plugins\org.eclipse.m2e.maven.runtime_3.8.604.20221130-2149\jars\maven-shared-utils-3.3.4.jar
2023-02-05 12:26:06,206 [Worker-1: Launching mavenrun-fc2e738c-b06f-47b5-9fcb-1c05731d9681] INFO  o.eclipse.m2e.core.internal.Bundles - 	Entry: C:\Users\user\Desktop\eclipse\plugins\org.eclipse.m2e.maven.runtime_3.8.604.20221130-2149\jars\okhttp-3.14.1.jar
2023-02-05 12:26:06,206 [Worker-1: Launching mavenrun-fc2e738c-b06f-47b5-9fcb-1c05731d9681] INFO  o.eclipse.m2e.core.internal.Bundles - 	Entry: C:\Users\user\Desktop\eclipse\plugins\org.eclipse.m2e.maven.runtime_3.8.604.20221130-2149\jars\okio-1.17.3.jar
2023-02-05 12:26:06,206 [Worker-1: Launching mavenrun-fc2e738c-b06f-47b5-9fcb-1c05731d9681] INFO  o.eclipse.m2e.core.internal.Bundles - 	Entry: C:\Users\user\Desktop\eclipse\plugins\org.eclipse.m2e.maven.runtime_3.8.604.20221130-2149\jars\org.eclipse.sisu.inject-0.3.5.jar
2023-02-05 12:26:06,207 [Worker-1: Launching mavenrun-fc2e738c-b06f-47b5-9fcb-1c05731d9681] INFO  o.eclipse.m2e.core.internal.Bundles - 	Entry: C:\Users\user\Desktop\eclipse\plugins\org.eclipse.m2e.maven.runtime_3.8.604.20221130-2149\jars\org.eclipse.sisu.plexus-0.3.5.jar
2023-02-05 12:26:06,207 [Worker-1: Launching mavenrun-fc2e738c-b06f-47b5-9fcb-1c05731d9681] INFO  o.eclipse.m2e.core.internal.Bundles - 	Entry: C:\Users\user\Desktop\eclipse\plugins\org.eclipse.m2e.maven.runtime_3.8.604.20221130-2149\jars\plexus-build-api-0.0.7.jar
2023-02-05 12:26:06,208 [Worker-1: Launching mavenrun-fc2e738c-b06f-47b5-9fcb-1c05731d9681] INFO  o.eclipse.m2e.core.internal.Bundles - 	Entry: C:\Users\user\Desktop\eclipse\plugins\org.eclipse.m2e.maven.runtime_3.8.604.20221130-2149\jars\plexus-cipher-2.0.jar
2023-02-05 12:26:06,208 [Worker-1: Launching mavenrun-fc2e738c-b06f-47b5-9fcb-1c05731d9681] INFO  o.eclipse.m2e.core.internal.Bundles - 	Entry: C:\Users\user\Desktop\eclipse\plugins\org.eclipse.m2e.maven.runtime_3.8.604.20221130-2149\jars\plexus-classworlds-2.6.0.jar
2023-02-05 12:26:06,208 [Worker-1: Launching mavenrun-fc2e738c-b06f-47b5-9fcb-1c05731d9681] INFO  o.eclipse.m2e.core.internal.Bundles - 	Entry: C:\Users\user\Desktop\eclipse\plugins\org.eclipse.m2e.maven.runtime_3.8.604.20221130-2149\jars\plexus-component-annotations-2.1.0.jar
2023-02-05 12:26:06,209 [Worker-1: Launching mavenrun-fc2e738c-b06f-47b5-9fcb-1c05731d9681] INFO  o.eclipse.m2e.core.internal.Bundles - 	Entry: C:\Users\user\Desktop\eclipse\plugins\org.eclipse.m2e.maven.runtime_3.8.604.20221130-2149\jars\plexus-interpolation-1.26.jar
2023-02-05 12:26:06,209 [Worker-1: Launching mavenrun-fc2e738c-b06f-47b5-9fcb-1c05731d9681] INFO  o.eclipse.m2e.core.internal.Bundles - 	Entry: C:\Users\user\Desktop\eclipse\plugins\org.eclipse.m2e.maven.runtime_3.8.604.20221130-2149\jars\plexus-sec-dispatcher-2.0.jar
2023-02-05 12:26:06,210 [Worker-1: Launching mavenrun-fc2e738c-b06f-47b5-9fcb-1c05731d9681] INFO  o.eclipse.m2e.core.internal.Bundles - 	Entry: C:\Users\user\Desktop\eclipse\plugins\org.eclipse.m2e.maven.runtime_3.8.604.20221130-2149\jars\plexus-utils-3.3.1.jar
2023-02-05 12:26:06,210 [Worker-1: Launching mavenrun-fc2e738c-b06f-47b5-9fcb-1c05731d9681] INFO  o.eclipse.m2e.core.internal.Bundles - 	Entry: C:\Users\user\Desktop\eclipse\plugins\org.eclipse.m2e.maven.runtime_3.8.604.20221130-2149\jars\wagon-file-3.5.1.jar
2023-02-05 12:26:06,210 [Worker-1: Launching mavenrun-fc2e738c-b06f-47b5-9fcb-1c05731d9681] INFO  o.eclipse.m2e.core.internal.Bundles - 	Entry: C:\Users\user\Desktop\eclipse\plugins\org.eclipse.m2e.maven.runtime_3.8.604.20221130-2149\jars\wagon-provider-api-3.5.1.jar
2023-02-05 12:26:06,213 [Worker-1: Launching mavenrun-fc2e738c-b06f-47b5-9fcb-1c05731d9681] INFO  o.eclipse.m2e.core.internal.Bundles - getClasspathEntries(Bundle=com.google.guava_30.1.0.v20221112-0806 [8])
2023-02-05 12:26:06,215 [Worker-1: Launching mavenrun-fc2e738c-b06f-47b5-9fcb-1c05731d9681] INFO  o.eclipse.m2e.core.internal.Bundles - 	Entry: C:\Users\user\Desktop\eclipse\plugins\com.google.guava_30.1.0.v20221112-0806.jar
2023-02-05 12:26:06,215 [Worker-1: Launching mavenrun-fc2e738c-b06f-47b5-9fcb-1c05731d9681] INFO  o.eclipse.m2e.core.internal.Bundles - getClasspathEntries(Bundle=slf4j.api_1.7.36 [434])
2023-02-05 12:26:06,216 [Worker-1: Launching mavenrun-fc2e738c-b06f-47b5-9fcb-1c05731d9681] INFO  o.eclipse.m2e.core.internal.Bundles - 	Entry: C:\Users\user\Desktop\eclipse\plugins\slf4j.api_1.7.36.jar
2023-02-05 12:26:06,216 [Worker-1: Launching mavenrun-fc2e738c-b06f-47b5-9fcb-1c05731d9681] INFO  o.eclipse.m2e.core.internal.Bundles - getClasspathEntries(Bundle=javax.inject_1.0.0.v20220405-0441 [18])
2023-02-05 12:26:06,218 [Worker-1: Launching mavenrun-fc2e738c-b06f-47b5-9fcb-1c05731d9681] INFO  o.eclipse.m2e.core.internal.Bundles - 	Entry: C:\Users\user\Desktop\eclipse\plugins\javax.inject_1.0.0.v20220405-0441.jar
2023-02-05 12:26:06,218 [Worker-1: Launching mavenrun-fc2e738c-b06f-47b5-9fcb-1c05731d9681] INFO  o.eclipse.m2e.core.internal.Bundles - getClasspathEntries(Bundle=javax.annotation_1.3.5.v20221112-0806 [16])
2023-02-05 12:26:06,219 [Worker-1: Launching mavenrun-fc2e738c-b06f-47b5-9fcb-1c05731d9681] INFO  o.eclipse.m2e.core.internal.Bundles - 	Entry: C:\Users\user\Desktop\eclipse\plugins\javax.annotation_1.3.5.v20221112-0806.jar
2023-02-05 12:26:06,230 [Worker-1: Launching mavenrun-fc2e738c-b06f-47b5-9fcb-1c05731d9681] INFO  o.e.m.i.launch.MavenLaunchDelegate - Run build in "C:\Users\user\AppData\Local\Temp\m2e-archetypeGenerator2989702108066234453":
2023-02-05 12:26:06,234 [Worker-1: Launching mavenrun-fc2e738c-b06f-47b5-9fcb-1c05731d9681] INFO  o.e.m.i.launch.MavenLaunchDelegate -  mvn  -DarchetypeGroupId=org.apache.maven.archetypes -DarchetypeArtifactId=maven-archetype-quickstart -DarchetypeVersion=1.4 -DgroupId=Testing -DartifactId=Automation -Dversion=0.0.1-SNAPSHOT -Dpackage=Testing -DoutputDirectory=C:\projects -Dstyle.color=always -U archetype:generate
2023-02-05 12:45:26,784 [Worker-14: Creating maven-archetype-quickstart] INFO  o.e.m.c.i.p.ProjectConfigurationManager - Collecting project info '/pom.xml' C:\projects\Automation\pom.xml
2023-02-05 12:45:27,289 [Worker-14: Creating maven-archetype-quickstart] INFO  o.e.m.c.i.e.AbstractTransferListenerAdapter - Downloading https://repo.maven.apache.org/maven2/org/apache/maven/plugins/maven-clean-plugin/3.1.0/maven-clean-plugin-3.1.0.jar
2023-02-05 12:45:27,501 [Worker-14: Creating maven-archetype-quickstart] INFO  o.e.m.c.i.e.AbstractTransferListenerAdapter - Downloaded https://repo.maven.apache.org/maven2/org/apache/maven/plugins/maven-clean-plugin/3.1.0/maven-clean-plugin-3.1.0.jar
2023-02-05 12:45:27,527 [Worker-14: Creating maven-archetype-quickstart] INFO  o.e.m.c.i.e.AbstractTransferListenerAdapter - Downloading https://repo.maven.apache.org/maven2/org/apache/maven/plugins/maven-resources-plugin/3.0.2/maven-resources-plugin-3.0.2.jar
2023-02-05 12:45:27,550 [Worker-14: Creating maven-archetype-quickstart] INFO  o.e.m.c.i.e.AbstractTransferListenerAdapter - Downloaded https://repo.maven.apache.org/maven2/org/apache/maven/plugins/maven-resources-plugin/3.0.2/maven-resources-plugin-3.0.2.jar
2023-02-05 12:45:27,566 [Worker-14: Creating maven-archetype-quickstart] INFO  o.e.m.c.i.e.AbstractTransferListenerAdapter - Downloading https://repo.maven.apache.org/maven2/org/apache/maven/plugins/maven-compiler-plugin/3.8.0/maven-compiler-plugin-3.8.0.jar
2023-02-05 12:45:27,600 [Worker-14: Creating maven-archetype-quickstart] INFO  o.e.m.c.i.e.AbstractTransferListenerAdapter - Downloaded https://repo.maven.apache.org/maven2/org/apache/maven/plugins/maven-compiler-plugin/3.8.0/maven-compiler-plugin-3.8.0.jar
2023-02-05 12:45:27,619 [Worker-14: Creating maven-archetype-quickstart] INFO  o.e.m.c.i.e.AbstractTransferListenerAdapter - Downloading https://repo.maven.apache.org/maven2/org/apache/maven/plugins/maven-surefire-plugin/2.22.1/maven-surefire-plugin-2.22.1.jar
2023-02-05 12:45:27,641 [Worker-14: Creating maven-archetype-quickstart] INFO  o.e.m.c.i.e.AbstractTransferListenerAdapter - Downloaded https://repo.maven.apache.org/maven2/org/apache/maven/plugins/maven-surefire-plugin/2.22.1/maven-surefire-plugin-2.22.1.jar
2023-02-05 12:45:27,666 [Worker-14: Creating maven-archetype-quickstart] INFO  o.e.m.c.i.e.AbstractTransferListenerAdapter - Downloading https://repo.maven.apache.org/maven2/org/apache/maven/plugins/maven-jar-plugin/3.0.2/maven-jar-plugin-3.0.2.jar
2023-02-05 12:45:27,687 [Worker-14: Creating maven-archetype-quickstart] INFO  o.e.m.c.i.e.AbstractTransferListenerAdapter - Downloaded https://repo.maven.apache.org/maven2/org/apache/maven/plugins/maven-jar-plugin/3.0.2/maven-jar-plugin-3.0.2.jar
2023-02-05 12:45:27,704 [Worker-14: Creating maven-archetype-quickstart] INFO  o.e.m.c.i.e.AbstractTransferListenerAdapter - Downloading https://repo.maven.apache.org/maven2/org/apache/maven/plugins/maven-install-plugin/2.5.2/maven-install-plugin-2.5.2.jar
2023-02-05 12:45:27,722 [Worker-14: Creating maven-archetype-quickstart] INFO  o.e.m.c.i.e.AbstractTransferListenerAdapter - Downloaded https://repo.maven.apache.org/maven2/org/apache/maven/plugins/maven-install-plugin/2.5.2/maven-install-plugin-2.5.2.jar
2023-02-05 12:45:27,742 [Worker-14: Creating maven-archetype-quickstart] INFO  o.e.m.c.i.e.AbstractTransferListenerAdapter - Downloading https://repo.maven.apache.org/maven2/org/apache/maven/plugins/maven-deploy-plugin/2.8.2/maven-deploy-plugin-2.8.2.jar
2023-02-05 12:45:27,755 [Worker-14: Creating maven-archetype-quickstart] INFO  o.e.m.c.i.e.AbstractTransferListenerAdapter - Downloaded https://repo.maven.apache.org/maven2/org/apache/maven/plugins/maven-deploy-plugin/2.8.2/maven-deploy-plugin-2.8.2.jar
2023-02-05 12:45:27,770 [Worker-14: Creating maven-archetype-quickstart] INFO  o.e.m.c.i.e.AbstractTransferListenerAdapter - Downloading https://repo.maven.apache.org/maven2/org/apache/maven/plugins/maven-site-plugin/3.7.1/maven-site-plugin-3.7.1.jar
2023-02-05 12:45:27,822 [Worker-14: Creating maven-archetype-quickstart] INFO  o.e.m.c.i.e.AbstractTransferListenerAdapter - Downloaded https://repo.maven.apache.org/maven2/org/apache/maven/plugins/maven-site-plugin/3.7.1/maven-site-plugin-3.7.1.jar
2023-02-05 12:45:27,870 [Worker-14: Creating maven-archetype-quickstart] INFO  o.e.m.c.i.e.AbstractTransferListenerAdapter - Downloading https://repo.maven.apache.org/maven2/org/apache/maven/plugins/maven-compiler-plugin/3.8.0/maven-compiler-plugin-3.8.0.pom
2023-02-05 12:45:27,895 [Worker-14: Creating maven-archetype-quickstart] INFO  o.e.m.c.i.e.AbstractTransferListenerAdapter - Downloaded https://repo.maven.apache.org/maven2/org/apache/maven/plugins/maven-compiler-plugin/3.8.0/maven-compiler-plugin-3.8.0.pom
2023-02-05 12:45:27,917 [Worker-14: Creating maven-archetype-quickstart] INFO  o.e.m.c.i.e.AbstractTransferListenerAdapter - Downloading https://repo.maven.apache.org/maven2/org/apache/maven/plugins/maven-plugins/32/maven-plugins-32.pom
2023-02-05 12:45:27,930 [Worker-14: Creating maven-archetype-quickstart] INFO  o.e.m.c.i.e.AbstractTransferListenerAdapter - Downloaded https://repo.maven.apache.org/maven2/org/apache/maven/plugins/maven-plugins/32/maven-plugins-32.pom
2023-02-05 12:45:27,960 [Worker-14: Creating maven-archetype-quickstart] INFO  o.e.m.c.i.e.AbstractTransferListenerAdapter - Downloading https://repo.maven.apache.org/maven2/org/apache/maven/maven-parent/32/maven-parent-32.pom
2023-02-05 12:45:28,092 [Worker-14: Creating maven-archetype-quickstart] INFO  o.e.m.c.i.e.AbstractTransferListenerAdapter - Downloaded https://repo.maven.apache.org/maven2/org/apache/maven/maven-parent/32/maven-parent-32.pom
2023-02-05 12:45:28,133 [Worker-14: Creating maven-archetype-quickstart] INFO  o.e.m.c.i.e.AbstractTransferListenerAdapter - Downloading https://repo.maven.apache.org/maven2/org/apache/apache/20/apache-20.pom
2023-02-05 12:45:28,151 [Worker-14: Creating maven-archetype-quickstart] INFO  o.e.m.c.i.e.AbstractTransferListenerAdapter - Downloaded https://repo.maven.apache.org/maven2/org/apache/apache/20/apache-20.pom
2023-02-05 12:45:28,766 [Worker-14: Creating maven-archetype-quickstart] INFO  o.e.m.c.i.l.LifecycleMappingFactory - Using org.eclipse.m2e.jdt.JarLifecycleMapping lifecycle mapping for MavenProject: Testing:Automation:0.0.1-SNAPSHOT @ C:\projects\Automation\pom.xml.
2023-02-05 12:45:28,840 [Worker-14: Creating maven-archetype-quickstart] INFO  o.e.m.c.i.e.AbstractTransferListenerAdapter - Downloading https://repo.maven.apache.org/maven2/junit/junit/4.11/junit-4.11.pom
2023-02-05 12:45:28,858 [Worker-14: Creating maven-archetype-quickstart] INFO  o.e.m.c.i.e.AbstractTransferListenerAdapter - Downloaded https://repo.maven.apache.org/maven2/junit/junit/4.11/junit-4.11.pom
2023-02-05 12:45:28,885 [Worker-14: Creating maven-archetype-quickstart] INFO  o.e.m.c.i.e.AbstractTransferListenerAdapter - Downloading https://repo.maven.apache.org/maven2/org/hamcrest/hamcrest-core/1.3/hamcrest-core-1.3.pom
2023-02-05 12:45:28,900 [Worker-14: Creating maven-archetype-quickstart] INFO  o.e.m.c.i.e.AbstractTransferListenerAdapter - Downloaded https://repo.maven.apache.org/maven2/org/hamcrest/hamcrest-core/1.3/hamcrest-core-1.3.pom
2023-02-05 12:45:28,928 [Worker-14: Creating maven-archetype-quickstart] INFO  o.e.m.c.i.e.AbstractTransferListenerAdapter - Downloading https://repo.maven.apache.org/maven2/org/hamcrest/hamcrest-parent/1.3/hamcrest-parent-1.3.pom
2023-02-05 12:45:28,943 [Worker-14: Creating maven-archetype-quickstart] INFO  o.e.m.c.i.e.AbstractTransferListenerAdapter - Downloaded https://repo.maven.apache.org/maven2/org/hamcrest/hamcrest-parent/1.3/hamcrest-parent-1.3.pom
2023-02-05 12:45:28,962 [AetherRepositoryConnector-repo.maven.apache.org-0-1] INFO  o.e.m.c.i.e.AbstractTransferListenerAdapter - Downloading https://repo.maven.apache.org/maven2/org/hamcrest/hamcrest-core/1.3/hamcrest-core-1.3.jar
2023-02-05 12:45:28,985 [AetherRepositoryConnector-repo.maven.apache.org-0-0] INFO  o.e.m.c.i.e.AbstractTransferListenerAdapter - Downloading https://repo.maven.apache.org/maven2/junit/junit/4.11/junit-4.11.jar
2023-02-05 12:45:29,434 [AetherRepositoryConnector-repo.maven.apache.org-0-1] INFO  o.e.m.c.i.e.AbstractTransferListenerAdapter - Downloaded https://repo.maven.apache.org/maven2/org/hamcrest/hamcrest-core/1.3/hamcrest-core-1.3.jar
2023-02-05 12:45:29,452 [AetherRepositoryConnector-repo.maven.apache.org-0-0] INFO  o.e.m.c.i.e.AbstractTransferListenerAdapter - Downloaded https://repo.maven.apache.org/maven2/junit/junit/4.11/junit-4.11.jar
2023-02-05 12:45:29,508 [Worker-14: Creating maven-archetype-quickstart] INFO  o.e.m.c.i.e.AbstractTransferListenerAdapter - Downloading https://repo.maven.apache.org/maven2/org/apache/maven/plugins/maven-resources-plugin/3.0.2/maven-resources-plugin-3.0.2.pom
2023-02-05 12:45:29,525 [Worker-14: Creating maven-archetype-quickstart] INFO  o.e.m.c.i.e.AbstractTransferListenerAdapter - Downloaded https://repo.maven.apache.org/maven2/org/apache/maven/plugins/maven-resources-plugin/3.0.2/maven-resources-plugin-3.0.2.pom
2023-02-05 12:45:29,546 [Worker-14: Creating maven-archetype-quickstart] INFO  o.e.m.c.i.e.AbstractTransferListenerAdapter - Downloading https://repo.maven.apache.org/maven2/org/apache/maven/plugins/maven-plugins/30/maven-plugins-30.pom
2023-02-05 12:45:29,572 [Worker-14: Creating maven-archetype-quickstart] INFO  o.e.m.c.i.e.AbstractTransferListenerAdapter - Downloaded https://repo.maven.apache.org/maven2/org/apache/maven/plugins/maven-plugins/30/maven-plugins-30.pom
2023-02-05 12:45:29,615 [Worker-14: Creating maven-archetype-quickstart] INFO  o.e.m.c.i.e.AbstractTransferListenerAdapter - Downloading https://repo.maven.apache.org/maven2/org/apache/maven/plugins/maven-surefire-plugin/2.22.1/maven-surefire-plugin-2.22.1.pom
2023-02-05 12:45:29,628 [Worker-14: Creating maven-archetype-quickstart] INFO  o.e.m.c.i.e.AbstractTransferListenerAdapter - Downloaded https://repo.maven.apache.org/maven2/org/apache/maven/plugins/maven-surefire-plugin/2.22.1/maven-surefire-plugin-2.22.1.pom
2023-02-05 12:45:29,649 [Worker-14: Creating maven-archetype-quickstart] INFO  o.e.m.c.i.e.AbstractTransferListenerAdapter - Downloading https://repo.maven.apache.org/maven2/org/apache/maven/surefire/surefire/2.22.1/surefire-2.22.1.pom
2023-02-05 12:45:29,666 [Worker-14: Creating maven-archetype-quickstart] INFO  o.e.m.c.i.e.AbstractTransferListenerAdapter - Downloaded https://repo.maven.apache.org/maven2/org/apache/maven/surefire/surefire/2.22.1/surefire-2.22.1.pom
2023-02-05 12:45:29,698 [Worker-14: Creating maven-archetype-quickstart] INFO  o.e.m.c.i.e.AbstractTransferListenerAdapter - Downloading https://repo.maven.apache.org/maven2/org/apache/maven/plugins/maven-jar-plugin/3.0.2/maven-jar-plugin-3.0.2.pom
2023-02-05 12:45:29,713 [Worker-14: Creating maven-archetype-quickstart] INFO  o.e.m.c.i.e.AbstractTransferListenerAdapter - Downloaded https://repo.maven.apache.org/maven2/org/apache/maven/plugins/maven-jar-plugin/3.0.2/maven-jar-plugin-3.0.2.pom
2023-02-05 12:45:29,768 [Worker-14: Creating maven-archetype-quickstart] INFO  o.e.m.c.i.e.AbstractTransferListenerAdapter - Downloading https://repo.maven.apache.org/maven2/org/codehaus/plexus/plexus-component-annotations/1.6/plexus-component-annotations-1.6.pom
2023-02-05 12:45:29,793 [Worker-14: Creating maven-archetype-quickstart] INFO  o.e.m.c.i.e.AbstractTransferListenerAdapter - Downloaded https://repo.maven.apache.org/maven2/org/codehaus/plexus/plexus-component-annotations/1.6/plexus-component-annotations-1.6.pom
2023-02-05 12:45:29,816 [Worker-14: Creating maven-archetype-quickstart] INFO  o.e.m.c.i.e.AbstractTransferListenerAdapter - Downloading https://repo.maven.apache.org/maven2/org/codehaus/plexus/plexus-containers/1.6/plexus-containers-1.6.pom
2023-02-05 12:45:29,829 [Worker-14: Creating maven-archetype-quickstart] INFO  o.e.m.c.i.e.AbstractTransferListenerAdapter - Downloaded https://repo.maven.apache.org/maven2/org/codehaus/plexus/plexus-containers/1.6/plexus-containers-1.6.pom
2023-02-05 12:45:29,853 [Worker-14: Creating maven-archetype-quickstart] INFO  o.e.m.c.i.e.AbstractTransferListenerAdapter - Downloading https://repo.maven.apache.org/maven2/org/codehaus/plexus/plexus/3.3.2/plexus-3.3.2.pom
2023-02-05 12:45:29,864 [Worker-14: Creating maven-archetype-quickstart] INFO  o.e.m.c.i.e.AbstractTransferListenerAdapter - Downloaded https://repo.maven.apache.org/maven2/org/codehaus/plexus/plexus/3.3.2/plexus-3.3.2.pom
2023-02-05 12:45:29,890 [Worker-14: Creating maven-archetype-quickstart] INFO  o.e.m.c.i.e.AbstractTransferListenerAdapter - Downloading https://repo.maven.apache.org/maven2/org/apache/maven/maven-archiver/3.1.1/maven-archiver-3.1.1.pom
2023-02-05 12:45:29,904 [Worker-14: Creating maven-archetype-quickstart] INFO  o.e.m.c.i.e.AbstractTransferListenerAdapter - Downloaded https://repo.maven.apache.org/maven2/org/apache/maven/maven-archiver/3.1.1/maven-archiver-3.1.1.pom
2023-02-05 12:45:29,936 [Worker-14: Creating maven-archetype-quickstart] INFO  o.e.m.c.i.e.AbstractTransferListenerAdapter - Downloading https://repo.maven.apache.org/maven2/org/apache/maven/shared/maven-shared-utils/3.0.1/maven-shared-utils-3.0.1.pom
2023-02-05 12:45:29,949 [Worker-14: Creating maven-archetype-quickstart] INFO  o.e.m.c.i.e.AbstractTransferListenerAdapter - Downloaded https://repo.maven.apache.org/maven2/org/apache/maven/shared/maven-shared-utils/3.0.1/maven-shared-utils-3.0.1.pom
2023-02-05 12:45:29,989 [Worker-14: Creating maven-archetype-quickstart] INFO  o.e.m.c.i.e.AbstractTransferListenerAdapter - Downloading https://repo.maven.apache.org/maven2/commons-io/commons-io/2.4/commons-io-2.4.pom
2023-02-05 12:45:30,115 [Worker-14: Creating maven-archetype-quickstart] INFO  o.e.m.c.i.e.AbstractTransferListenerAdapter - Downloaded https://repo.maven.apache.org/maven2/commons-io/commons-io/2.4/commons-io-2.4.pom
2023-02-05 12:45:30,151 [Worker-14: Creating maven-archetype-quickstart] INFO  o.e.m.c.i.e.AbstractTransferListenerAdapter - Downloading https://repo.maven.apache.org/maven2/org/apache/commons/commons-parent/25/commons-parent-25.pom
2023-02-05 12:45:30,176 [Worker-14: Creating maven-archetype-quickstart] INFO  o.e.m.c.i.e.AbstractTransferListenerAdapter - Downloaded https://repo.maven.apache.org/maven2/org/apache/commons/commons-parent/25/commons-parent-25.pom
2023-02-05 12:45:30,194 [Worker-14: Creating maven-archetype-quickstart] INFO  o.e.m.c.i.e.AbstractTransferListenerAdapter - Downloading https://repo.maven.apache.org/maven2/org/apache/apache/9/apache-9.pom
2023-02-05 12:45:30,209 [Worker-14: Creating maven-archetype-quickstart] INFO  o.e.m.c.i.e.AbstractTransferListenerAdapter - Downloaded https://repo.maven.apache.org/maven2/org/apache/apache/9/apache-9.pom
2023-02-05 12:45:30,231 [Worker-14: Creating maven-archetype-quickstart] INFO  o.e.m.c.i.e.AbstractTransferListenerAdapter - Downloading https://repo.maven.apache.org/maven2/org/codehaus/plexus/plexus-archiver/3.3/plexus-archiver-3.3.pom
2023-02-05 12:45:30,246 [Worker-14: Creating maven-archetype-quickstart] INFO  o.e.m.c.i.e.AbstractTransferListenerAdapter - Downloaded https://repo.maven.apache.org/maven2/org/codehaus/plexus/plexus-archiver/3.3/plexus-archiver-3.3.pom
2023-02-05 12:45:30,263 [Worker-14: Creating maven-archetype-quickstart] INFO  o.e.m.c.i.e.AbstractTransferListenerAdapter - Downloading https://repo.maven.apache.org/maven2/org/codehaus/plexus/plexus/3.2/plexus-3.2.pom
2023-02-05 12:45:30,278 [Worker-14: Creating maven-archetype-quickstart] INFO  o.e.m.c.i.e.AbstractTransferListenerAdapter - Downloaded https://repo.maven.apache.org/maven2/org/codehaus/plexus/plexus/3.2/plexus-3.2.pom
2023-02-05 12:45:30,299 [Worker-14: Creating maven-archetype-quickstart] INFO  o.e.m.c.i.e.AbstractTransferListenerAdapter - Downloading https://repo.maven.apache.org/maven2/org/codehaus/plexus/plexus-utils/3.0.24/plexus-utils-3.0.24.pom
2023-02-05 12:45:30,312 [Worker-14: Creating maven-archetype-quickstart] INFO  o.e.m.c.i.e.AbstractTransferListenerAdapter - Downloaded https://repo.maven.apache.org/maven2/org/codehaus/plexus/plexus-utils/3.0.24/plexus-utils-3.0.24.pom
2023-02-05 12:45:30,333 [Worker-14: Creating maven-archetype-quickstart] INFO  o.e.m.c.i.e.AbstractTransferListenerAdapter - Downloading https://repo.maven.apache.org/maven2/org/codehaus/plexus/plexus-io/2.7.1/plexus-io-2.7.1.pom
2023-02-05 12:45:30,350 [Worker-14: Creating maven-archetype-quickstart] INFO  o.e.m.c.i.e.AbstractTransferListenerAdapter - Downloaded https://repo.maven.apache.org/maven2/org/codehaus/plexus/plexus-io/2.7.1/plexus-io-2.7.1.pom
2023-02-05 12:45:30,366 [Worker-14: Creating maven-archetype-quickstart] INFO  o.e.m.c.i.e.AbstractTransferListenerAdapter - Downloading https://repo.maven.apache.org/maven2/commons-io/commons-io/2.2/commons-io-2.2.pom
2023-02-05 12:45:30,381 [Worker-14: Creating maven-archetype-quickstart] INFO  o.e.m.c.i.e.AbstractTransferListenerAdapter - Downloaded https://repo.maven.apache.org/maven2/commons-io/commons-io/2.2/commons-io-2.2.pom
2023-02-05 12:45:30,397 [Worker-14: Creating maven-archetype-quickstart] INFO  o.e.m.c.i.e.AbstractTransferListenerAdapter - Downloading https://repo.maven.apache.org/maven2/org/apache/commons/commons-parent/24/commons-parent-24.pom
2023-02-05 12:45:30,441 [Worker-14: Creating maven-archetype-quickstart] INFO  o.e.m.c.i.e.AbstractTransferListenerAdapter - Downloaded https://repo.maven.apache.org/maven2/org/apache/commons/commons-parent/24/commons-parent-24.pom
2023-02-05 12:45:30,461 [Worker-14: Creating maven-archetype-quickstart] INFO  o.e.m.c.i.e.AbstractTransferListenerAdapter - Downloading https://repo.maven.apache.org/maven2/org/apache/commons/commons-compress/1.11/commons-compress-1.11.pom
2023-02-05 12:45:30,477 [Worker-14: Creating maven-archetype-quickstart] INFO  o.e.m.c.i.e.AbstractTransferListenerAdapter - Downloaded https://repo.maven.apache.org/maven2/org/apache/commons/commons-compress/1.11/commons-compress-1.11.pom
2023-02-05 12:45:30,505 [Worker-14: Creating maven-archetype-quickstart] INFO  o.e.m.c.i.e.AbstractTransferListenerAdapter - Downloading https://repo.maven.apache.org/maven2/org/tukaani/xz/1.5/xz-1.5.pom
2023-02-05 12:45:30,529 [Worker-14: Creating maven-archetype-quickstart] INFO  o.e.m.c.i.e.AbstractTransferListenerAdapter - Downloaded https://repo.maven.apache.org/maven2/org/tukaani/xz/1.5/xz-1.5.pom
2023-02-05 12:45:30,548 [Worker-14: Creating maven-archetype-quickstart] INFO  o.e.m.c.i.e.AbstractTransferListenerAdapter - Downloading https://repo.maven.apache.org/maven2/org/codehaus/plexus/plexus-interpolation/1.22/plexus-interpolation-1.22.pom
2023-02-05 12:45:30,567 [Worker-14: Creating maven-archetype-quickstart] INFO  o.e.m.c.i.e.AbstractTransferListenerAdapter - Downloaded https://repo.maven.apache.org/maven2/org/codehaus/plexus/plexus-interpolation/1.22/plexus-interpolation-1.22.pom
2023-02-05 12:45:30,581 [Worker-14: Creating maven-archetype-quickstart] INFO  o.e.m.c.i.e.AbstractTransferListenerAdapter - Downloading https://repo.maven.apache.org/maven2/org/codehaus/plexus/plexus-components/1.3.1/plexus-components-1.3.1.pom
2023-02-05 12:45:30,592 [Worker-14: Creating maven-archetype-quickstart] INFO  o.e.m.c.i.e.AbstractTransferListenerAdapter - Downloaded https://repo.maven.apache.org/maven2/org/codehaus/plexus/plexus-components/1.3.1/plexus-components-1.3.1.pom
2023-02-05 12:45:30,655 [Worker-14: Creating maven-archetype-quickstart] INFO  o.e.m.c.i.e.AbstractTransferListenerAdapter - Downloading https://repo.maven.apache.org/maven2/org/codehaus/plexus/plexus-archiver/3.4/plexus-archiver-3.4.pom
2023-02-05 12:45:30,677 [Worker-14: Creating maven-archetype-quickstart] INFO  o.e.m.c.i.e.AbstractTransferListenerAdapter - Downloaded https://repo.maven.apache.org/maven2/org/codehaus/plexus/plexus-archiver/3.4/plexus-archiver-3.4.pom
2023-02-05 12:45:30,734 [AetherRepositoryConnector-repo.maven.apache.org-1-2] INFO  o.e.m.c.i.e.AbstractTransferListenerAdapter - Downloading https://repo.maven.apache.org/maven2/org/apache/maven/shared/maven-shared-utils/3.0.1/maven-shared-utils-3.0.1.jar
2023-02-05 12:45:30,734 [AetherRepositoryConnector-repo.maven.apache.org-1-0] INFO  o.e.m.c.i.e.AbstractTransferListenerAdapter - Downloading https://repo.maven.apache.org/maven2/org/codehaus/plexus/plexus-component-annotations/1.6/plexus-component-annotations-1.6.jar
2023-02-05 12:45:30,761 [AetherRepositoryConnector-repo.maven.apache.org-1-1] INFO  o.e.m.c.i.e.AbstractTransferListenerAdapter - Downloading https://repo.maven.apache.org/maven2/org/apache/maven/maven-archiver/3.1.1/maven-archiver-3.1.1.jar
2023-02-05 12:45:30,767 [AetherRepositoryConnector-repo.maven.apache.org-1-4] INFO  o.e.m.c.i.e.AbstractTransferListenerAdapter - Downloading https://repo.maven.apache.org/maven2/org/codehaus/plexus/plexus-io/2.7.1/plexus-io-2.7.1.jar
2023-02-05 12:45:30,778 [AetherRepositoryConnector-repo.maven.apache.org-1-3] INFO  o.e.m.c.i.e.AbstractTransferListenerAdapter - Downloading https://repo.maven.apache.org/maven2/org/codehaus/plexus/plexus-archiver/3.4/plexus-archiver-3.4.jar
2023-02-05 12:45:30,803 [AetherRepositoryConnector-repo.maven.apache.org-1-0] INFO  o.e.m.c.i.e.AbstractTransferListenerAdapter - Downloaded https://repo.maven.apache.org/maven2/org/codehaus/plexus/plexus-component-annotations/1.6/plexus-component-annotations-1.6.jar
2023-02-05 12:45:30,808 [AetherRepositoryConnector-repo.maven.apache.org-1-2] INFO  o.e.m.c.i.e.AbstractTransferListenerAdapter - Downloaded https://repo.maven.apache.org/maven2/org/apache/maven/shared/maven-shared-utils/3.0.1/maven-shared-utils-3.0.1.jar
2023-02-05 12:45:30,808 [AetherRepositoryConnector-repo.maven.apache.org-1-4] INFO  o.e.m.c.i.e.AbstractTransferListenerAdapter - Downloaded https://repo.maven.apache.org/maven2/org/codehaus/plexus/plexus-io/2.7.1/plexus-io-2.7.1.jar
2023-02-05 12:45:30,808 [AetherRepositoryConnector-repo.maven.apache.org-1-1] INFO  o.e.m.c.i.e.AbstractTransferListenerAdapter - Downloaded https://repo.maven.apache.org/maven2/org/apache/maven/maven-archiver/3.1.1/maven-archiver-3.1.1.jar
2023-02-05 12:45:30,817 [AetherRepositoryConnector-repo.maven.apache.org-1-0] INFO  o.e.m.c.i.e.AbstractTransferListenerAdapter - Downloading https://repo.maven.apache.org/maven2/org/apache/commons/commons-compress/1.11/commons-compress-1.11.jar
2023-02-05 12:45:30,890 [AetherRepositoryConnector-repo.maven.apache.org-1-2] INFO  o.e.m.c.i.e.AbstractTransferListenerAdapter - Downloading https://repo.maven.apache.org/maven2/org/codehaus/plexus/plexus-utils/3.0.24/plexus-utils-3.0.24.jar
2023-02-05 12:45:30,890 [AetherRepositoryConnector-repo.maven.apache.org-1-4] INFO  o.e.m.c.i.e.AbstractTransferListenerAdapter - Downloading https://repo.maven.apache.org/maven2/org/tukaani/xz/1.5/xz-1.5.jar
2023-02-05 12:45:30,893 [AetherRepositoryConnector-repo.maven.apache.org-1-3] INFO  o.e.m.c.i.e.AbstractTransferListenerAdapter - Downloaded https://repo.maven.apache.org/maven2/org/codehaus/plexus/plexus-archiver/3.4/plexus-archiver-3.4.jar
2023-02-05 12:45:31,095 [AetherRepositoryConnector-repo.maven.apache.org-1-4] INFO  o.e.m.c.i.e.AbstractTransferListenerAdapter - Downloaded https://repo.maven.apache.org/maven2/org/tukaani/xz/1.5/xz-1.5.jar
2023-02-05 12:45:31,095 [AetherRepositoryConnector-repo.maven.apache.org-1-0] INFO  o.e.m.c.i.e.AbstractTransferListenerAdapter - Downloaded https://repo.maven.apache.org/maven2/org/apache/commons/commons-compress/1.11/commons-compress-1.11.jar
2023-02-05 12:45:31,109 [AetherRepositoryConnector-repo.maven.apache.org-1-2] INFO  o.e.m.c.i.e.AbstractTransferListenerAdapter - Downloaded https://repo.maven.apache.org/maven2/org/codehaus/plexus/plexus-utils/3.0.24/plexus-utils-3.0.24.jar
2023-02-05 12:45:31,440 [Worker-14: Creating maven-archetype-quickstart] INFO  o.e.m.c.i.e.AbstractTransferListenerAdapter - Downloading https://repo.maven.apache.org/maven2/org/apache/maven/shared/maven-filtering/3.1.1/maven-filtering-3.1.1.pom
2023-02-05 12:45:31,453 [Worker-14: Creating maven-archetype-quickstart] INFO  o.e.m.c.i.e.AbstractTransferListenerAdapter - Downloaded https://repo.maven.apache.org/maven2/org/apache/maven/shared/maven-filtering/3.1.1/maven-filtering-3.1.1.pom
2023-02-05 12:45:31,473 [Worker-14: Creating maven-archetype-quickstart] INFO  o.e.m.c.i.e.AbstractTransferListenerAdapter - Downloading https://repo.maven.apache.org/maven2/org/apache/maven/shared/maven-shared-utils/3.0.0/maven-shared-utils-3.0.0.pom
2023-02-05 12:45:31,485 [Worker-14: Creating maven-archetype-quickstart] INFO  o.e.m.c.i.e.AbstractTransferListenerAdapter - Downloaded https://repo.maven.apache.org/maven2/org/apache/maven/shared/maven-shared-utils/3.0.0/maven-shared-utils-3.0.0.pom
2023-02-05 12:45:31,503 [Worker-14: Creating maven-archetype-quickstart] INFO  o.e.m.c.i.e.AbstractTransferListenerAdapter - Downloading https://repo.maven.apache.org/maven2/org/apache/maven/shared/maven-shared-components/21/maven-shared-components-21.pom
2023-02-05 12:45:31,519 [Worker-14: Creating maven-archetype-quickstart] INFO  o.e.m.c.i.e.AbstractTransferListenerAdapter - Downloaded https://repo.maven.apache.org/maven2/org/apache/maven/shared/maven-shared-components/21/maven-shared-components-21.pom
2023-02-05 12:45:31,534 [Worker-14: Creating maven-archetype-quickstart] INFO  o.e.m.c.i.e.AbstractTransferListenerAdapter - Downloading https://repo.maven.apache.org/maven2/org/apache/maven/maven-parent/25/maven-parent-25.pom
2023-02-05 12:45:31,562 [Worker-14: Creating maven-archetype-quickstart] INFO  o.e.m.c.i.e.AbstractTransferListenerAdapter - Downloaded https://repo.maven.apache.org/maven2/org/apache/maven/maven-parent/25/maven-parent-25.pom
2023-02-05 12:45:31,582 [Worker-14: Creating maven-archetype-quickstart] INFO  o.e.m.c.i.e.AbstractTransferListenerAdapter - Downloading https://repo.maven.apache.org/maven2/org/sonatype/plexus/plexus-build-api/0.0.7/plexus-build-api-0.0.7.pom
2023-02-05 12:45:31,603 [Worker-14: Creating maven-archetype-quickstart] INFO  o.e.m.c.i.e.AbstractTransferListenerAdapter - Downloaded https://repo.maven.apache.org/maven2/org/sonatype/plexus/plexus-build-api/0.0.7/plexus-build-api-0.0.7.pom
2023-02-05 12:45:31,620 [Worker-14: Creating maven-archetype-quickstart] INFO  o.e.m.c.i.e.AbstractTransferListenerAdapter - Downloading https://repo.maven.apache.org/maven2/org/sonatype/spice/spice-parent/15/spice-parent-15.pom
2023-02-05 12:45:31,634 [Worker-14: Creating maven-archetype-quickstart] INFO  o.e.m.c.i.e.AbstractTransferListenerAdapter - Downloaded https://repo.maven.apache.org/maven2/org/sonatype/spice/spice-parent/15/spice-parent-15.pom
2023-02-05 12:45:31,656 [Worker-14: Creating maven-archetype-quickstart] INFO  o.e.m.c.i.e.AbstractTransferListenerAdapter - Downloading https://repo.maven.apache.org/maven2/org/codehaus/plexus/plexus-interpolation/1.24/plexus-interpolation-1.24.pom
2023-02-05 12:45:31,667 [Worker-14: Creating maven-archetype-quickstart] INFO  o.e.m.c.i.e.AbstractTransferListenerAdapter - Downloaded https://repo.maven.apache.org/maven2/org/codehaus/plexus/plexus-interpolation/1.24/plexus-interpolation-1.24.pom
2023-02-05 12:45:31,695 [AetherRepositoryConnector-repo.maven.apache.org-2-0] INFO  o.e.m.c.i.e.AbstractTransferListenerAdapter - Downloading https://repo.maven.apache.org/maven2/org/apache/maven/shared/maven-filtering/3.1.1/maven-filtering-3.1.1.jar
2023-02-05 12:45:31,715 [AetherRepositoryConnector-repo.maven.apache.org-2-4] INFO  o.e.m.c.i.e.AbstractTransferListenerAdapter - Downloading https://repo.maven.apache.org/maven2/org/codehaus/plexus/plexus-interpolation/1.24/plexus-interpolation-1.24.jar
2023-02-05 12:45:31,715 [AetherRepositoryConnector-repo.maven.apache.org-2-3] INFO  o.e.m.c.i.e.AbstractTransferListenerAdapter - Downloading https://repo.maven.apache.org/maven2/org/sonatype/plexus/plexus-build-api/0.0.7/plexus-build-api-0.0.7.jar
2023-02-05 12:45:31,754 [AetherRepositoryConnector-repo.maven.apache.org-2-2] INFO  o.e.m.c.i.e.AbstractTransferListenerAdapter - Downloading https://repo.maven.apache.org/maven2/com/google/code/findbugs/jsr305/2.0.1/jsr305-2.0.1.jar
2023-02-05 12:45:31,754 [AetherRepositoryConnector-repo.maven.apache.org-2-1] INFO  o.e.m.c.i.e.AbstractTransferListenerAdapter - Downloading https://repo.maven.apache.org/maven2/org/apache/maven/shared/maven-shared-utils/3.0.0/maven-shared-utils-3.0.0.jar
2023-02-05 12:45:31,821 [AetherRepositoryConnector-repo.maven.apache.org-2-0] INFO  o.e.m.c.i.e.AbstractTransferListenerAdapter - Downloaded https://repo.maven.apache.org/maven2/org/apache/maven/shared/maven-filtering/3.1.1/maven-filtering-3.1.1.jar
2023-02-05 12:45:31,826 [AetherRepositoryConnector-repo.maven.apache.org-2-4] INFO  o.e.m.c.i.e.AbstractTransferListenerAdapter - Downloaded https://repo.maven.apache.org/maven2/org/codehaus/plexus/plexus-interpolation/1.24/plexus-interpolation-1.24.jar
2023-02-05 12:45:31,826 [AetherRepositoryConnector-repo.maven.apache.org-2-2] INFO  o.e.m.c.i.e.AbstractTransferListenerAdapter - Downloaded https://repo.maven.apache.org/maven2/com/google/code/findbugs/jsr305/2.0.1/jsr305-2.0.1.jar
2023-02-05 12:45:31,827 [AetherRepositoryConnector-repo.maven.apache.org-2-3] INFO  o.e.m.c.i.e.AbstractTransferListenerAdapter - Downloaded https://repo.maven.apache.org/maven2/org/sonatype/plexus/plexus-build-api/0.0.7/plexus-build-api-0.0.7.jar
2023-02-05 12:45:31,838 [AetherRepositoryConnector-repo.maven.apache.org-2-1] INFO  o.e.m.c.i.e.AbstractTransferListenerAdapter - Downloaded https://repo.maven.apache.org/maven2/org/apache/maven/shared/maven-shared-utils/3.0.0/maven-shared-utils-3.0.0.jar
2023-02-05 12:45:31,923 [Worker-14: Creating maven-archetype-quickstart] INFO  o.e.m.j.i.AbstractJavaProjectConfigurator - Adding source folder /Automation/src/main/java
2023-02-05 12:45:31,929 [Worker-14: Creating maven-archetype-quickstart] INFO  o.e.m.j.i.AbstractJavaProjectConfigurator - Adding source folder /Automation/src/test/java
2023-02-05 12:45:32,078 [Worker-14: Creating maven-archetype-quickstart] INFO  o.e.m.c.i.p.ProjectConfigurationManager - Imported and configured 1 project(s) in 5 sec
2023-02-05 12:45:32,430 [Worker-20: Download sources and javadoc] INFO  o.e.m.c.i.e.AbstractTransferListenerAdapter - Downloading https://repo.maven.apache.org/maven2/junit/junit/4.11/junit-4.11-sources.jar
2023-02-05 12:45:32,478 [Worker-20: Download sources and javadoc] INFO  o.e.m.c.i.e.AbstractTransferListenerAdapter - Downloaded https://repo.maven.apache.org/maven2/junit/junit/4.11/junit-4.11-sources.jar
2023-02-05 12:45:32,482 [Worker-20: Download sources and javadoc] INFO  o.e.m.j.internal.DownloadSourcesJob - Downloaded sources for junit:junit:4.11
2023-02-05 12:45:32,879 [Worker-20: Download sources and javadoc] INFO  o.e.m.c.i.e.AbstractTransferListenerAdapter - Downloading https://repo.maven.apache.org/maven2/org/hamcrest/hamcrest-core/1.3/hamcrest-core-1.3-sources.jar
2023-02-05 12:45:32,976 [Worker-20: Download sources and javadoc] INFO  o.e.m.c.i.e.AbstractTransferListenerAdapter - Downloaded https://repo.maven.apache.org/maven2/org/hamcrest/hamcrest-core/1.3/hamcrest-core-1.3-sources.jar
2023-02-05 12:45:32,980 [Worker-20: Download sources and javadoc] INFO  o.e.m.j.internal.DownloadSourcesJob - Downloaded sources for org.hamcrest:hamcrest-core:1.3
2023-02-05 12:45:33,667 [Worker-19: Building] INFO  o.e.m.c.i.embedder.EclipseLogger - Using 'UTF-8' encoding to copy filtered resources.
2023-02-05 12:45:33,668 [Worker-19: Building] INFO  o.e.m.c.i.embedder.EclipseLogger - skip non existing resourceDirectory C:\projects\Automation\src\main\resources
2023-02-05 12:45:33,672 [Worker-19: Building] INFO  o.e.m.c.i.embedder.EclipseLogger - Using 'UTF-8' encoding to copy filtered resources.
2023-02-05 12:45:33,672 [Worker-19: Building] INFO  o.e.m.c.i.embedder.EclipseLogger - skip non existing resourceDirectory C:\projects\Automation\src\test\resources
2023-02-05 15:33:42,434 [Worker-23: Building] INFO  o.e.m.c.i.embedder.EclipseLogger - Using 'UTF-8' encoding to copy filtered resources.
2023-02-05 15:33:42,434 [Worker-23: Building] INFO  o.e.m.c.i.embedder.EclipseLogger - skip non existing resourceDirectory C:\projects\Automation\src\main\resources
2023-02-05 15:33:42,441 [Worker-23: Building] INFO  o.e.m.c.i.embedder.EclipseLogger - Using 'UTF-8' encoding to copy filtered resources.
2023-02-05 15:33:42,442 [Worker-23: Building] INFO  o.e.m.c.i.embedder.EclipseLogger - skip non existing resourceDirectory C:\projects\Automation\src\test\resources
2023-02-05 15:34:13,007 [Worker-22: Building] INFO  o.e.m.c.i.embedder.EclipseLogger - Using 'UTF-8' encoding to copy filtered resources.
2023-02-05 15:34:13,007 [Worker-22: Building] INFO  o.e.m.c.i.embedder.EclipseLogger - skip non existing resourceDirectory C:\projects\Automation\src\main\resources
2023-02-05 15:34:13,017 [Worker-22: Building] INFO  o.e.m.c.i.embedder.EclipseLogger - Using 'UTF-8' encoding to copy filtered resources.
2023-02-05 15:34:13,018 [Worker-22: Building] INFO  o.e.m.c.i.embedder.EclipseLogger - skip non existing resourceDirectory C:\projects\Automation\src\test\resources
2023-02-05 15:36:58,382 [Worker-23: Building] INFO  o.e.m.c.i.embedder.EclipseLogger - Using 'UTF-8' encoding to copy filtered resources.
2023-02-05 15:36:58,383 [Worker-23: Building] INFO  o.e.m.c.i.embedder.EclipseLogger - skip non existing resourceDirectory C:\projects\Automation\src\main\resources
2023-02-05 15:36:58,388 [Worker-23: Building] INFO  o.e.m.c.i.embedder.EclipseLogger - Using 'UTF-8' encoding to copy filtered resources.
2023-02-05 15:36:58,389 [Worker-23: Building] INFO  o.e.m.c.i.embedder.EclipseLogger - skip non existing resourceDirectory C:\projects\Automation\src\test\resources
2023-02-05 15:36:59,410 [Worker-25: Building] INFO  o.e.m.c.i.embedder.EclipseLogger - Using 'UTF-8' encoding to copy filtered resources.
2023-02-05 15:36:59,411 [Worker-25: Building] INFO  o.e.m.c.i.embedder.EclipseLogger - skip non existing resourceDirectory C:\projects\Automation\src\main\resources
2023-02-05 15:36:59,416 [Worker-25: Building] INFO  o.e.m.c.i.embedder.EclipseLogger - Using 'UTF-8' encoding to copy filtered resources.
2023-02-05 15:36:59,416 [Worker-25: Building] INFO  o.e.m.c.i.embedder.EclipseLogger - skip non existing resourceDirectory C:\projects\Automation\src\test\resources
2023-02-05 15:45:43,722 [Worker-25: Building] INFO  o.e.m.c.i.embedder.EclipseLogger - Using 'UTF-8' encoding to copy filtered resources.
2023-02-05 15:45:43,722 [Worker-25: Building] INFO  o.e.m.c.i.embedder.EclipseLogger - skip non existing resourceDirectory C:\projects\Automation\src\main\resources
2023-02-05 15:45:43,726 [Worker-25: Building] INFO  o.e.m.c.i.embedder.EclipseLogger - Using 'UTF-8' encoding to copy filtered resources.
2023-02-05 15:45:43,727 [Worker-25: Building] INFO  o.e.m.c.i.embedder.EclipseLogger - skip non existing resourceDirectory C:\projects\Automation\src\test\resources
2023-02-05 15:53:49,623 [Worker-33: Building] INFO  o.e.m.c.i.l.LifecycleMappingFactory - Using org.eclipse.m2e.jdt.JarLifecycleMapping lifecycle mapping for MavenProject: Testing:Automation:0.0.1-SNAPSHOT @ C:\projects\Automation\pom.xml.
2023-02-05 15:53:50,549 [Worker-33: Building] INFO  o.e.m.c.i.embedder.EclipseLogger - Using 'UTF-8' encoding to copy filtered resources.
2023-02-05 15:53:50,549 [Worker-33: Building] INFO  o.e.m.c.i.embedder.EclipseLogger - skip non existing resourceDirectory C:\projects\Automation\src\main\resources
2023-02-05 15:53:50,554 [Worker-33: Building] INFO  o.e.m.c.i.embedder.EclipseLogger - Using 'UTF-8' encoding to copy filtered resources.
2023-02-05 15:53:50,554 [Worker-33: Building] INFO  o.e.m.c.i.embedder.EclipseLogger - skip non existing resourceDirectory C:\projects\Automation\src\test\resources
2023-02-05 15:53:51,489 [Worker-34: Download sources and javadoc] INFO  o.e.m.c.i.e.AbstractTransferListenerAdapter - Downloading https://repo.maven.apache.org/maven2/io/github/bonigarcia/webdrivermanager/5.3.2/webdrivermanager-5.3.2-sources.jar
2023-02-05 15:53:51,718 [Worker-34: Download sources and javadoc] INFO  o.e.m.c.i.e.AbstractTransferListenerAdapter - Downloaded https://repo.maven.apache.org/maven2/io/github/bonigarcia/webdrivermanager/5.3.2/webdrivermanager-5.3.2-sources.jar
2023-02-05 15:53:51,722 [Worker-34: Download sources and javadoc] INFO  o.e.m.j.internal.DownloadSourcesJob - Downloaded sources for io.github.bonigarcia:webdrivermanager:5.3.2
2023-02-05 15:53:51,791 [Worker-34: Download sources and javadoc] INFO  o.e.m.c.i.e.AbstractTransferListenerAdapter - Downloading https://repo.maven.apache.org/maven2/org/slf4j/slf4j-api/2.0.6/slf4j-api-2.0.6-sources.jar
2023-02-05 15:53:51,812 [Worker-34: Download sources and javadoc] INFO  o.e.m.c.i.e.AbstractTransferListenerAdapter - Downloaded https://repo.maven.apache.org/maven2/org/slf4j/slf4j-api/2.0.6/slf4j-api-2.0.6-sources.jar
2023-02-05 15:53:51,816 [Worker-34: Download sources and javadoc] INFO  o.e.m.j.internal.DownloadSourcesJob - Downloaded sources for org.slf4j:slf4j-api:2.0.6
2023-02-05 15:53:51,872 [Worker-34: Download sources and javadoc] INFO  o.e.m.c.i.e.AbstractTransferListenerAdapter - Downloading https://repo.maven.apache.org/maven2/com/google/code/gson/gson/2.10.1/gson-2.10.1-sources.jar
2023-02-05 15:53:51,975 [Worker-34: Download sources and javadoc] INFO  o.e.m.c.i.e.AbstractTransferListenerAdapter - Downloaded https://repo.maven.apache.org/maven2/com/google/code/gson/gson/2.10.1/gson-2.10.1-sources.jar
2023-02-05 15:53:51,979 [Worker-34: Download sources and javadoc] INFO  o.e.m.j.internal.DownloadSourcesJob - Downloaded sources for com.google.code.gson:gson:2.10.1
2023-02-05 15:53:52,062 [Worker-34: Download sources and javadoc] INFO  o.e.m.c.i.e.AbstractTransferListenerAdapter - Downloading https://repo.maven.apache.org/maven2/com/github/docker-java/docker-java/3.2.14/docker-java-3.2.14-sources.jar
2023-02-05 15:53:52,078 [Worker-34: Download sources and javadoc] INFO  o.e.m.c.i.e.AbstractTransferListenerAdapter - Downloaded https://repo.maven.apache.org/maven2/com/github/docker-java/docker-java/3.2.14/docker-java-3.2.14-sources.jar
2023-02-05 15:53:52,081 [Worker-34: Download sources and javadoc] INFO  o.e.m.j.internal.DownloadSourcesJob - Downloaded sources for com.github.docker-java:docker-java:3.2.14
2023-02-05 15:53:52,129 [Worker-34: Download sources and javadoc] INFO  o.e.m.c.i.e.AbstractTransferListenerAdapter - Downloading https://repo.maven.apache.org/maven2/com/github/docker-java/docker-java-core/3.2.14/docker-java-core-3.2.14-sources.jar
2023-02-05 15:53:52,185 [Worker-34: Download sources and javadoc] INFO  o.e.m.c.i.e.AbstractTransferListenerAdapter - Downloaded https://repo.maven.apache.org/maven2/com/github/docker-java/docker-java-core/3.2.14/docker-java-core-3.2.14-sources.jar
2023-02-05 15:53:52,189 [Worker-34: Download sources and javadoc] INFO  o.e.m.j.internal.DownloadSourcesJob - Downloaded sources for com.github.docker-java:docker-java-core:3.2.14
2023-02-05 15:53:52,240 [Worker-34: Download sources and javadoc] INFO  o.e.m.c.i.e.AbstractTransferListenerAdapter - Downloading https://repo.maven.apache.org/maven2/com/github/docker-java/docker-java-api/3.2.14/docker-java-api-3.2.14-sources.jar
2023-02-05 15:53:52,281 [Worker-37: Building] INFO  o.e.m.c.i.embedder.EclipseLogger - Using 'UTF-8' encoding to copy filtered resources.
2023-02-05 15:53:52,281 [Worker-37: Building] INFO  o.e.m.c.i.embedder.EclipseLogger - skip non existing resourceDirectory C:\projects\Automation\src\main\resources
2023-02-05 15:53:52,286 [Worker-37: Building] INFO  o.e.m.c.i.embedder.EclipseLogger - Using 'UTF-8' encoding to copy filtered resources.
2023-02-05 15:53:52,286 [Worker-37: Building] INFO  o.e.m.c.i.embedder.EclipseLogger - skip non existing resourceDirectory C:\projects\Automation\src\test\resources
2023-02-05 15:53:52,309 [Worker-34: Download sources and javadoc] INFO  o.e.m.c.i.e.AbstractTransferListenerAdapter - Downloaded https://repo.maven.apache.org/maven2/com/github/docker-java/docker-java-api/3.2.14/docker-java-api-3.2.14-sources.jar
2023-02-05 15:53:52,312 [Worker-34: Download sources and javadoc] INFO  o.e.m.j.internal.DownloadSourcesJob - Downloaded sources for com.github.docker-java:docker-java-api:3.2.14
2023-02-05 15:53:52,355 [Worker-34: Download sources and javadoc] INFO  o.e.m.c.i.e.AbstractTransferListenerAdapter - Downloading https://repo.maven.apache.org/maven2/com/fasterxml/jackson/core/jackson-annotations/2.10.3/jackson-annotations-2.10.3-sources.jar
2023-02-05 15:53:52,387 [Worker-34: Download sources and javadoc] INFO  o.e.m.c.i.e.AbstractTransferListenerAdapter - Downloaded https://repo.maven.apache.org/maven2/com/fasterxml/jackson/core/jackson-annotations/2.10.3/jackson-annotations-2.10.3-sources.jar
2023-02-05 15:53:52,391 [Worker-34: Download sources and javadoc] INFO  o.e.m.j.internal.DownloadSourcesJob - Downloaded sources for com.fasterxml.jackson.core:jackson-annotations:2.10.3
2023-02-05 15:53:52,435 [Worker-34: Download sources and javadoc] INFO  o.e.m.c.i.e.AbstractTransferListenerAdapter - Downloading https://repo.maven.apache.org/maven2/commons-io/commons-io/2.6/commons-io-2.6-sources.jar
2023-02-05 15:53:52,498 [Worker-34: Download sources and javadoc] INFO  o.e.m.c.i.e.AbstractTransferListenerAdapter - Downloaded https://repo.maven.apache.org/maven2/commons-io/commons-io/2.6/commons-io-2.6-sources.jar
2023-02-05 15:53:52,502 [Worker-34: Download sources and javadoc] INFO  o.e.m.j.internal.DownloadSourcesJob - Downloaded sources for commons-io:commons-io:2.6
2023-02-05 15:53:52,555 [Worker-34: Download sources and javadoc] INFO  o.e.m.c.i.e.AbstractTransferListenerAdapter - Downloading https://repo.maven.apache.org/maven2/org/apache/commons/commons-compress/1.21/commons-compress-1.21-sources.jar
2023-02-05 15:53:52,824 [Worker-34: Download sources and javadoc] INFO  o.e.m.c.i.e.AbstractTransferListenerAdapter - Downloaded https://repo.maven.apache.org/maven2/org/apache/commons/commons-compress/1.21/commons-compress-1.21-sources.jar
2023-02-05 15:53:52,828 [Worker-34: Download sources and javadoc] INFO  o.e.m.j.internal.DownloadSourcesJob - Downloaded sources for org.apache.commons:commons-compress:1.21
2023-02-05 15:53:52,895 [Worker-34: Download sources and javadoc] INFO  o.e.m.c.i.e.AbstractTransferListenerAdapter - Downloading https://repo.maven.apache.org/maven2/com/fasterxml/jackson/core/jackson-databind/2.10.3/jackson-databind-2.10.3-sources.jar
2023-02-05 15:53:53,634 [Worker-34: Download sources and javadoc] INFO  o.e.m.c.i.e.AbstractTransferListenerAdapter - Downloaded https://repo.maven.apache.org/maven2/com/fasterxml/jackson/core/jackson-databind/2.10.3/jackson-databind-2.10.3-sources.jar
2023-02-05 15:53:53,637 [Worker-34: Download sources and javadoc] INFO  o.e.m.j.internal.DownloadSourcesJob - Downloaded sources for com.fasterxml.jackson.core:jackson-databind:2.10.3
2023-02-05 15:53:53,681 [Worker-34: Download sources and javadoc] INFO  o.e.m.c.i.e.AbstractTransferListenerAdapter - Downloading https://repo.maven.apache.org/maven2/com/fasterxml/jackson/core/jackson-core/2.10.3/jackson-core-2.10.3-sources.jar
2023-02-05 15:53:53,909 [Worker-34: Download sources and javadoc] INFO  o.e.m.c.i.e.AbstractTransferListenerAdapter - Downloaded https://repo.maven.apache.org/maven2/com/fasterxml/jackson/core/jackson-core/2.10.3/jackson-core-2.10.3-sources.jar
2023-02-05 15:53:53,912 [Worker-34: Download sources and javadoc] INFO  o.e.m.j.internal.DownloadSourcesJob - Downloaded sources for com.fasterxml.jackson.core:jackson-core:2.10.3
2023-02-05 15:53:53,965 [Worker-34: Download sources and javadoc] INFO  o.e.m.c.i.e.AbstractTransferListenerAdapter - Downloading https://repo.maven.apache.org/maven2/org/bouncycastle/bcpkix-jdk15on/1.64/bcpkix-jdk15on-1.64-sources.jar
2023-02-05 15:53:54,346 [Worker-34: Download sources and javadoc] INFO  o.e.m.c.i.e.AbstractTransferListenerAdapter - Downloaded https://repo.maven.apache.org/maven2/org/bouncycastle/bcpkix-jdk15on/1.64/bcpkix-jdk15on-1.64-sources.jar
2023-02-05 15:53:54,350 [Worker-34: Download sources and javadoc] INFO  o.e.m.j.internal.DownloadSourcesJob - Downloaded sources for org.bouncycastle:bcpkix-jdk15on:1.64
2023-02-05 15:53:54,425 [Worker-34: Download sources and javadoc] INFO  o.e.m.c.i.e.AbstractTransferListenerAdapter - Downloading https://repo.maven.apache.org/maven2/org/bouncycastle/bcprov-jdk15on/1.64/bcprov-jdk15on-1.64-sources.jar
2023-02-05 15:53:58,190 [Worker-34: Download sources and javadoc] INFO  o.e.m.c.i.e.AbstractTransferListenerAdapter - Downloaded https://repo.maven.apache.org/maven2/org/bouncycastle/bcprov-jdk15on/1.64/bcprov-jdk15on-1.64-sources.jar
2023-02-05 15:53:58,193 [Worker-34: Download sources and javadoc] INFO  o.e.m.j.internal.DownloadSourcesJob - Downloaded sources for org.bouncycastle:bcprov-jdk15on:1.64
2023-02-05 15:53:58,261 [Worker-34: Download sources and javadoc] INFO  o.e.m.c.i.e.AbstractTransferListenerAdapter - Downloading https://repo.maven.apache.org/maven2/org/slf4j/jcl-over-slf4j/1.7.30/jcl-over-slf4j-1.7.30-sources.jar
2023-02-05 15:53:58,278 [Worker-34: Download sources and javadoc] INFO  o.e.m.c.i.e.AbstractTransferListenerAdapter - Downloaded https://repo.maven.apache.org/maven2/org/slf4j/jcl-over-slf4j/1.7.30/jcl-over-slf4j-1.7.30-sources.jar
2023-02-05 15:53:58,281 [Worker-34: Download sources and javadoc] INFO  o.e.m.j.internal.DownloadSourcesJob - Downloaded sources for org.slf4j:jcl-over-slf4j:1.7.30
2023-02-05 15:53:58,339 [Worker-34: Download sources and javadoc] INFO  o.e.m.c.i.e.AbstractTransferListenerAdapter - Downloading https://repo.maven.apache.org/maven2/com/github/docker-java/docker-java-transport-httpclient5/3.2.14/docker-java-transport-httpclient5-3.2.14-sources.jar
2023-02-05 15:53:58,352 [Worker-34: Download sources and javadoc] INFO  o.e.m.c.i.e.AbstractTransferListenerAdapter - Downloaded https://repo.maven.apache.org/maven2/com/github/docker-java/docker-java-transport-httpclient5/3.2.14/docker-java-transport-httpclient5-3.2.14-sources.jar
2023-02-05 15:53:58,355 [Worker-34: Download sources and javadoc] INFO  o.e.m.j.internal.DownloadSourcesJob - Downloaded sources for com.github.docker-java:docker-java-transport-httpclient5:3.2.14
2023-02-05 15:53:58,394 [Worker-34: Download sources and javadoc] INFO  o.e.m.c.i.e.AbstractTransferListenerAdapter - Downloading https://repo.maven.apache.org/maven2/com/github/docker-java/docker-java-transport/3.2.14/docker-java-transport-3.2.14-sources.jar
2023-02-05 15:53:58,415 [Worker-34: Download sources and javadoc] INFO  o.e.m.c.i.e.AbstractTransferListenerAdapter - Downloaded https://repo.maven.apache.org/maven2/com/github/docker-java/docker-java-transport/3.2.14/docker-java-transport-3.2.14-sources.jar
2023-02-05 15:53:58,418 [Worker-34: Download sources and javadoc] INFO  o.e.m.j.internal.DownloadSourcesJob - Downloaded sources for com.github.docker-java:docker-java-transport:3.2.14
2023-02-05 15:53:58,472 [Worker-34: Download sources and javadoc] INFO  o.e.m.c.i.e.AbstractTransferListenerAdapter - Downloading https://repo.maven.apache.org/maven2/net/java/dev/jna/jna/5.12.1/jna-5.12.1-sources.jar
2023-02-05 15:53:58,526 [Worker-34: Download sources and javadoc] INFO  o.e.m.c.i.e.AbstractTransferListenerAdapter - Downloaded https://repo.maven.apache.org/maven2/net/java/dev/jna/jna/5.12.1/jna-5.12.1-sources.jar
2023-02-05 15:53:58,530 [Worker-34: Download sources and javadoc] INFO  o.e.m.j.internal.DownloadSourcesJob - Downloaded sources for net.java.dev.jna:jna:5.12.1
2023-02-05 15:53:58,574 [Worker-34: Download sources and javadoc] INFO  o.e.m.c.i.e.AbstractTransferListenerAdapter - Downloading https://repo.maven.apache.org/maven2/org/brotli/dec/0.1.2/dec-0.1.2-sources.jar
2023-02-05 15:53:58,604 [Worker-34: Download sources and javadoc] INFO  o.e.m.c.i.e.AbstractTransferListenerAdapter - Downloaded https://repo.maven.apache.org/maven2/org/brotli/dec/0.1.2/dec-0.1.2-sources.jar
2023-02-05 15:53:58,606 [Worker-34: Download sources and javadoc] INFO  o.e.m.j.internal.DownloadSourcesJob - Downloaded sources for org.brotli:dec:0.1.2
2023-02-05 15:53:58,654 [Worker-34: Download sources and javadoc] INFO  o.e.m.c.i.e.AbstractTransferListenerAdapter - Downloading https://repo.maven.apache.org/maven2/org/apache/commons/commons-lang3/3.12.0/commons-lang3-3.12.0-sources.jar
2023-02-05 15:53:58,796 [Worker-34: Download sources and javadoc] INFO  o.e.m.c.i.e.AbstractTransferListenerAdapter - Downloaded https://repo.maven.apache.org/maven2/org/apache/commons/commons-lang3/3.12.0/commons-lang3-3.12.0-sources.jar
2023-02-05 15:53:58,799 [Worker-34: Download sources and javadoc] INFO  o.e.m.j.internal.DownloadSourcesJob - Downloaded sources for org.apache.commons:commons-lang3:3.12.0
2023-02-05 15:53:58,840 [Worker-34: Download sources and javadoc] INFO  o.e.m.c.i.e.AbstractTransferListenerAdapter - Downloading https://repo.maven.apache.org/maven2/org/apache/httpcomponents/client5/httpclient5/5.2.1/httpclient5-5.2.1-sources.jar
2023-02-05 15:53:58,972 [Worker-34: Download sources and javadoc] INFO  o.e.m.c.i.e.AbstractTransferListenerAdapter - Downloaded https://repo.maven.apache.org/maven2/org/apache/httpcomponents/client5/httpclient5/5.2.1/httpclient5-5.2.1-sources.jar
2023-02-05 15:53:58,976 [Worker-34: Download sources and javadoc] INFO  o.e.m.j.internal.DownloadSourcesJob - Downloaded sources for org.apache.httpcomponents.client5:httpclient5:5.2.1
2023-02-05 15:53:59,018 [Worker-34: Download sources and javadoc] INFO  o.e.m.c.i.e.AbstractTransferListenerAdapter - Downloading https://repo.maven.apache.org/maven2/org/apache/httpcomponents/core5/httpcore5/5.2/httpcore5-5.2-sources.jar
2023-02-05 15:53:59,506 [Worker-34: Download sources and javadoc] INFO  o.e.m.c.i.e.AbstractTransferListenerAdapter - Downloaded https://repo.maven.apache.org/maven2/org/apache/httpcomponents/core5/httpcore5/5.2/httpcore5-5.2-sources.jar
2023-02-05 15:53:59,510 [Worker-34: Download sources and javadoc] INFO  o.e.m.j.internal.DownloadSourcesJob - Downloaded sources for org.apache.httpcomponents.core5:httpcore5:5.2
2023-02-05 15:53:59,552 [Worker-34: Download sources and javadoc] INFO  o.e.m.c.i.e.AbstractTransferListenerAdapter - Downloading https://repo.maven.apache.org/maven2/org/apache/httpcomponents/core5/httpcore5-h2/5.2/httpcore5-h2-5.2-sources.jar
2023-02-05 15:53:59,880 [Worker-34: Download sources and javadoc] INFO  o.e.m.c.i.e.AbstractTransferListenerAdapter - Downloaded https://repo.maven.apache.org/maven2/org/apache/httpcomponents/core5/httpcore5-h2/5.2/httpcore5-h2-5.2-sources.jar
2023-02-05 15:53:59,883 [Worker-34: Download sources and javadoc] INFO  o.e.m.j.internal.DownloadSourcesJob - Downloaded sources for org.apache.httpcomponents.core5:httpcore5-h2:5.2
2023-02-05 15:53:59,939 [Worker-34: Download sources and javadoc] INFO  o.e.m.c.i.e.AbstractTransferListenerAdapter - Downloading https://repo.maven.apache.org/maven2/org/testng/testng/7.7.1/testng-7.7.1-sources.jar
2023-02-05 15:54:00,055 [Worker-34: Download sources and javadoc] INFO  o.e.m.c.i.e.AbstractTransferListenerAdapter - Downloaded https://repo.maven.apache.org/maven2/org/testng/testng/7.7.1/testng-7.7.1-sources.jar
2023-02-05 15:54:00,058 [Worker-34: Download sources and javadoc] INFO  o.e.m.j.internal.DownloadSourcesJob - Downloaded sources for org.testng:testng:7.7.1
2023-02-05 15:54:00,858 [Worker-33: Building] INFO  o.e.m.c.i.embedder.EclipseLogger - Using 'UTF-8' encoding to copy filtered resources.
2023-02-05 15:54:00,858 [Worker-33: Building] INFO  o.e.m.c.i.embedder.EclipseLogger - skip non existing resourceDirectory C:\projects\Automation\src\main\resources
2023-02-05 15:54:00,861 [Worker-33: Building] INFO  o.e.m.c.i.embedder.EclipseLogger - Using 'UTF-8' encoding to copy filtered resources.
2023-02-05 15:54:00,861 [Worker-33: Building] INFO  o.e.m.c.i.embedder.EclipseLogger - skip non existing resourceDirectory C:\projects\Automation\src\test\resources
2023-02-05 15:56:32,037 [Worker-34: Building] INFO  o.e.m.c.i.embedder.EclipseLogger - Using 'UTF-8' encoding to copy filtered resources.
2023-02-05 15:56:32,037 [Worker-34: Building] INFO  o.e.m.c.i.embedder.EclipseLogger - skip non existing resourceDirectory C:\projects\Automation\src\main\resources
2023-02-05 15:56:32,042 [Worker-34: Building] INFO  o.e.m.c.i.embedder.EclipseLogger - Using 'UTF-8' encoding to copy filtered resources.
2023-02-05 15:56:32,042 [Worker-34: Building] INFO  o.e.m.c.i.embedder.EclipseLogger - skip non existing resourceDirectory C:\projects\Automation\src\test\resources
2023-02-05 15:57:28,907 [Worker-35: Launching TestForProject] INFO  o.e.m.c.i.embedder.EclipseLogger - Using 'UTF-8' encoding to copy filtered resources.
2023-02-05 15:57:28,907 [Worker-35: Launching TestForProject] INFO  o.e.m.c.i.embedder.EclipseLogger - skip non existing resourceDirectory C:\projects\Automation\src\main\resources
2023-02-05 15:57:28,910 [Worker-35: Launching TestForProject] INFO  o.e.m.c.i.embedder.EclipseLogger - Using 'UTF-8' encoding to copy filtered resources.
2023-02-05 15:57:28,911 [Worker-35: Launching TestForProject] INFO  o.e.m.c.i.embedder.EclipseLogger - skip non existing resourceDirectory C:\projects\Automation\src\test\resources
2023-02-05 16:02:58,602 [Worker-38: Building] INFO  o.e.m.c.i.embedder.EclipseLogger - Using 'UTF-8' encoding to copy filtered resources.
2023-02-05 16:02:58,602 [Worker-38: Building] INFO  o.e.m.c.i.embedder.EclipseLogger - skip non existing resourceDirectory C:\projects\Automation\src\main\resources
2023-02-05 16:02:58,605 [Worker-38: Building] INFO  o.e.m.c.i.embedder.EclipseLogger - Using 'UTF-8' encoding to copy filtered resources.
2023-02-05 16:02:58,605 [Worker-38: Building] INFO  o.e.m.c.i.embedder.EclipseLogger - skip non existing resourceDirectory C:\projects\Automation\src\test\resources
2023-02-05 16:07:42,378 [Worker-31: Building] INFO  o.e.m.c.i.embedder.EclipseLogger - Using 'UTF-8' encoding to copy filtered resources.
2023-02-05 16:07:42,378 [Worker-31: Building] INFO  o.e.m.c.i.embedder.EclipseLogger - skip non existing resourceDirectory C:\projects\Automation\src\main\resources
2023-02-05 16:07:42,383 [Worker-31: Building] INFO  o.e.m.c.i.embedder.EclipseLogger - Using 'UTF-8' encoding to copy filtered resources.
2023-02-05 16:07:42,383 [Worker-31: Building] INFO  o.e.m.c.i.embedder.EclipseLogger - skip non existing resourceDirectory C:\projects\Automation\src\test\resources
2023-02-05 16:08:00,324 [Worker-0: Loading available Gradle versions] INFO  o.e.b.c.i.u.g.PublishedGradleVersions - Gradle version information cache is up-to-date. Trying to read.
2023-02-05 16:11:11,095 [Worker-5: Launching TestForProject] INFO  o.e.m.c.i.embedder.EclipseLogger - Using 'UTF-8' encoding to copy filtered resources.
2023-02-05 16:11:11,097 [Worker-5: Launching TestForProject] INFO  o.e.m.c.i.embedder.EclipseLogger - skip non existing resourceDirectory C:\projects\Automation\src\main\resources
2023-02-05 16:11:11,102 [Worker-5: Launching TestForProject] INFO  o.e.m.c.i.embedder.EclipseLogger - Using 'UTF-8' encoding to copy filtered resources.
2023-02-05 16:11:11,103 [Worker-5: Launching TestForProject] INFO  o.e.m.c.i.embedder.EclipseLogger - skip non existing resourceDirectory C:\projects\Automation\src\test\resources
2023-02-05 16:11:38,436 [Worker-6: Building] INFO  o.e.m.c.i.embedder.EclipseLogger - Using 'UTF-8' encoding to copy filtered resources.
2023-02-05 16:11:38,436 [Worker-6: Building] INFO  o.e.m.c.i.embedder.EclipseLogger - skip non existing resourceDirectory C:\projects\Automation\src\main\resources
2023-02-05 16:11:38,439 [Worker-6: Building] INFO  o.e.m.c.i.embedder.EclipseLogger - Using 'UTF-8' encoding to copy filtered resources.
2023-02-05 16:11:38,440 [Worker-6: Building] INFO  o.e.m.c.i.embedder.EclipseLogger - skip non existing resourceDirectory C:\projects\Automation\src\test\resources
2023-02-05 16:27:16,613 [Worker-15: Building] INFO  o.e.m.c.i.embedder.EclipseLogger - Using 'UTF-8' encoding to copy filtered resources.
2023-02-05 16:27:16,613 [Worker-15: Building] INFO  o.e.m.c.i.embedder.EclipseLogger - skip non existing resourceDirectory C:\projects\Automation\src\main\resources
2023-02-05 16:27:16,618 [Worker-15: Building] INFO  o.e.m.c.i.embedder.EclipseLogger - Using 'UTF-8' encoding to copy filtered resources.
2023-02-05 16:27:16,618 [Worker-15: Building] INFO  o.e.m.c.i.embedder.EclipseLogger - skip non existing resourceDirectory C:\projects\Automation\src\test\resources
2023-02-05 16:28:09,667 [Worker-0: Launching TestForProject] INFO  o.e.m.c.i.embedder.EclipseLogger - Using 'UTF-8' encoding to copy filtered resources.
2023-02-05 16:28:09,667 [Worker-0: Launching TestForProject] INFO  o.e.m.c.i.embedder.EclipseLogger - skip non existing resourceDirectory C:\projects\Automation\src\main\resources
2023-02-05 16:28:09,670 [Worker-0: Launching TestForProject] INFO  o.e.m.c.i.embedder.EclipseLogger - Using 'UTF-8' encoding to copy filtered resources.
2023-02-05 16:28:09,671 [Worker-0: Launching TestForProject] INFO  o.e.m.c.i.embedder.EclipseLogger - skip non existing resourceDirectory C:\projects\Automation\src\test\resources
2023-02-05 16:33:39,153 [Worker-15: Building] INFO  o.e.m.c.i.embedder.EclipseLogger - Using 'UTF-8' encoding to copy filtered resources.
2023-02-05 16:33:39,153 [Worker-15: Building] INFO  o.e.m.c.i.embedder.EclipseLogger - skip non existing resourceDirectory C:\projects\Automation\src\main\resources
2023-02-05 16:33:39,157 [Worker-15: Building] INFO  o.e.m.c.i.embedder.EclipseLogger - Using 'UTF-8' encoding to copy filtered resources.
2023-02-05 16:33:39,157 [Worker-15: Building] INFO  o.e.m.c.i.embedder.EclipseLogger - skip non existing resourceDirectory C:\projects\Automation\src\test\resources
2023-02-05 16:35:01,763 [Worker-18: Launching TestForProject] INFO  o.e.m.c.i.embedder.EclipseLogger - Using 'UTF-8' encoding to copy filtered resources.
2023-02-05 16:35:01,764 [Worker-18: Launching TestForProject] INFO  o.e.m.c.i.embedder.EclipseLogger - skip non existing resourceDirectory C:\projects\Automation\src\main\resources
2023-02-05 16:35:01,766 [Worker-18: Launching TestForProject] INFO  o.e.m.c.i.embedder.EclipseLogger - Using 'UTF-8' encoding to copy filtered resources.
2023-02-05 16:35:01,767 [Worker-18: Launching TestForProject] INFO  o.e.m.c.i.embedder.EclipseLogger - skip non existing resourceDirectory C:\projects\Automation\src\test\resources
2023-02-05 16:40:24,478 [Worker-21: Building] INFO  o.e.m.c.i.embedder.EclipseLogger - Using 'UTF-8' encoding to copy filtered resources.
2023-02-05 16:40:24,479 [Worker-21: Building] INFO  o.e.m.c.i.embedder.EclipseLogger - skip non existing resourceDirectory C:\projects\Automation\src\main\resources
2023-02-05 16:40:24,482 [Worker-21: Building] INFO  o.e.m.c.i.embedder.EclipseLogger - Using 'UTF-8' encoding to copy filtered resources.
2023-02-05 16:40:24,482 [Worker-21: Building] INFO  o.e.m.c.i.embedder.EclipseLogger - skip non existing resourceDirectory C:\projects\Automation\src\test\resources
2023-02-05 16:41:50,195 [Worker-19: Building] INFO  o.e.m.c.i.embedder.EclipseLogger - Using 'UTF-8' encoding to copy filtered resources.
2023-02-05 16:41:50,196 [Worker-19: Building] INFO  o.e.m.c.i.embedder.EclipseLogger - skip non existing resourceDirectory C:\projects\Automation\src\main\resources
2023-02-05 16:41:50,202 [Worker-19: Building] INFO  o.e.m.c.i.embedder.EclipseLogger - Using 'UTF-8' encoding to copy filtered resources.
2023-02-05 16:41:50,203 [Worker-19: Building] INFO  o.e.m.c.i.embedder.EclipseLogger - skip non existing resourceDirectory C:\projects\Automation\src\test\resources
2023-02-05 16:42:40,615 [Worker-19: Building] INFO  o.e.m.c.i.embedder.EclipseLogger - Using 'UTF-8' encoding to copy filtered resources.
2023-02-05 16:42:40,615 [Worker-19: Building] INFO  o.e.m.c.i.embedder.EclipseLogger - skip non existing resourceDirectory C:\projects\Automation\src\main\resources
2023-02-05 16:42:40,617 [Worker-19: Building] INFO  o.e.m.c.i.embedder.EclipseLogger - Using 'UTF-8' encoding to copy filtered resources.
2023-02-05 16:42:40,618 [Worker-19: Building] INFO  o.e.m.c.i.embedder.EclipseLogger - skip non existing resourceDirectory C:\projects\Automation\src\test\resources
2023-02-05 16:46:46,185 [Worker-22: Launching TestForProject] INFO  o.e.m.c.i.embedder.EclipseLogger - Using 'UTF-8' encoding to copy filtered resources.
2023-02-05 16:46:46,186 [Worker-22: Launching TestForProject] INFO  o.e.m.c.i.embedder.EclipseLogger - skip non existing resourceDirectory C:\projects\Automation\src\main\resources
2023-02-05 16:46:46,189 [Worker-22: Launching TestForProject] INFO  o.e.m.c.i.embedder.EclipseLogger - Using 'UTF-8' encoding to copy filtered resources.
2023-02-05 16:46:46,189 [Worker-22: Launching TestForProject] INFO  o.e.m.c.i.embedder.EclipseLogger - skip non existing resourceDirectory C:\projects\Automation\src\test\resources
2023-02-05 16:47:33,360 [Worker-23: Launching TestForProject] INFO  o.e.m.c.i.embedder.EclipseLogger - Using 'UTF-8' encoding to copy filtered resources.
2023-02-05 16:47:33,360 [Worker-23: Launching TestForProject] INFO  o.e.m.c.i.embedder.EclipseLogger - skip non existing resourceDirectory C:\projects\Automation\src\main\resources
2023-02-05 16:47:33,363 [Worker-23: Launching TestForProject] INFO  o.e.m.c.i.embedder.EclipseLogger - Using 'UTF-8' encoding to copy filtered resources.
2023-02-05 16:47:33,364 [Worker-23: Launching TestForProject] INFO  o.e.m.c.i.embedder.EclipseLogger - skip non existing resourceDirectory C:\projects\Automation\src\test\resources
2023-02-05 16:48:18,883 [Worker-19: Building] INFO  o.e.m.c.i.embedder.EclipseLogger - Using 'UTF-8' encoding to copy filtered resources.
2023-02-05 16:48:18,884 [Worker-19: Building] INFO  o.e.m.c.i.embedder.EclipseLogger - skip non existing resourceDirectory C:\projects\Automation\src\main\resources
2023-02-05 16:48:18,887 [Worker-19: Building] INFO  o.e.m.c.i.embedder.EclipseLogger - Using 'UTF-8' encoding to copy filtered resources.
2023-02-05 16:48:18,887 [Worker-19: Building] INFO  o.e.m.c.i.embedder.EclipseLogger - skip non existing resourceDirectory C:\projects\Automation\src\test\resources
2023-02-05 16:53:07,119 [Worker-19: Building] INFO  o.e.m.c.i.embedder.EclipseLogger - Using 'UTF-8' encoding to copy filtered resources.
2023-02-05 16:53:07,119 [Worker-19: Building] INFO  o.e.m.c.i.embedder.EclipseLogger - skip non existing resourceDirectory C:\projects\Automation\src\main\resources
2023-02-05 16:53:07,122 [Worker-19: Building] INFO  o.e.m.c.i.embedder.EclipseLogger - Using 'UTF-8' encoding to copy filtered resources.
2023-02-05 16:53:07,122 [Worker-19: Building] INFO  o.e.m.c.i.embedder.EclipseLogger - skip non existing resourceDirectory C:\projects\Automation\src\test\resources
2023-02-05 16:57:58,581 [Worker-29: Building] INFO  o.e.m.c.i.embedder.EclipseLogger - Using 'UTF-8' encoding to copy filtered resources.
2023-02-05 16:57:58,581 [Worker-29: Building] INFO  o.e.m.c.i.embedder.EclipseLogger - skip non existing resourceDirectory C:\projects\Automation\src\main\resources
2023-02-05 16:57:58,586 [Worker-29: Building] INFO  o.e.m.c.i.embedder.EclipseLogger - Using 'UTF-8' encoding to copy filtered resources.
2023-02-05 16:57:58,586 [Worker-29: Building] INFO  o.e.m.c.i.embedder.EclipseLogger - skip non existing resourceDirectory C:\projects\Automation\src\test\resources
2023-02-05 16:59:03,176 [Worker-28: Launching TestForProject] INFO  o.e.m.c.i.embedder.EclipseLogger - Using 'UTF-8' encoding to copy filtered resources.
2023-02-05 16:59:03,176 [Worker-28: Launching TestForProject] INFO  o.e.m.c.i.embedder.EclipseLogger - skip non existing resourceDirectory C:\projects\Automation\src\main\resources
2023-02-05 16:59:03,181 [Worker-28: Launching TestForProject] INFO  o.e.m.c.i.embedder.EclipseLogger - Using 'UTF-8' encoding to copy filtered resources.
2023-02-05 16:59:03,181 [Worker-28: Launching TestForProject] INFO  o.e.m.c.i.embedder.EclipseLogger - skip non existing resourceDirectory C:\projects\Automation\src\test\resources
2023-02-05 17:07:17,417 [Worker-33: Building] INFO  o.e.m.c.i.embedder.EclipseLogger - Using 'UTF-8' encoding to copy filtered resources.
2023-02-05 17:07:17,417 [Worker-33: Building] INFO  o.e.m.c.i.embedder.EclipseLogger - skip non existing resourceDirectory C:\projects\Automation\src\main\resources
2023-02-05 17:07:17,444 [Worker-33: Building] INFO  o.e.m.c.i.embedder.EclipseLogger - Using 'UTF-8' encoding to copy filtered resources.
2023-02-05 17:07:17,444 [Worker-33: Building] INFO  o.e.m.c.i.embedder.EclipseLogger - skip non existing resourceDirectory C:\projects\Automation\src\test\resources
2023-02-05 17:11:53,786 [Worker-19: Building] INFO  o.e.m.c.i.embedder.EclipseLogger - Using 'UTF-8' encoding to copy filtered resources.
2023-02-05 17:11:53,786 [Worker-19: Building] INFO  o.e.m.c.i.embedder.EclipseLogger - skip non existing resourceDirectory C:\projects\Automation\src\main\resources
2023-02-05 17:11:53,789 [Worker-19: Building] INFO  o.e.m.c.i.embedder.EclipseLogger - Using 'UTF-8' encoding to copy filtered resources.
2023-02-05 17:11:53,790 [Worker-19: Building] INFO  o.e.m.c.i.embedder.EclipseLogger - skip non existing resourceDirectory C:\projects\Automation\src\test\resources
2023-02-05 17:13:12,669 [Worker-19: Launching TestForProject] INFO  o.e.m.c.i.embedder.EclipseLogger - Using 'UTF-8' encoding to copy filtered resources.
2023-02-05 17:13:12,670 [Worker-19: Launching TestForProject] INFO  o.e.m.c.i.embedder.EclipseLogger - skip non existing resourceDirectory C:\projects\Automation\src\main\resources
2023-02-05 17:13:12,672 [Worker-19: Launching TestForProject] INFO  o.e.m.c.i.embedder.EclipseLogger - Using 'UTF-8' encoding to copy filtered resources.
2023-02-05 17:13:12,672 [Worker-19: Launching TestForProject] INFO  o.e.m.c.i.embedder.EclipseLogger - skip non existing resourceDirectory C:\projects\Automation\src\test\resources
2023-02-05 17:17:28,646 [Worker-35: Building] INFO  o.e.m.c.i.embedder.EclipseLogger - Using 'UTF-8' encoding to copy filtered resources.
2023-02-05 17:17:28,646 [Worker-35: Building] INFO  o.e.m.c.i.embedder.EclipseLogger - skip non existing resourceDirectory C:\projects\Automation\src\main\resources
2023-02-05 17:17:28,649 [Worker-35: Building] INFO  o.e.m.c.i.embedder.EclipseLogger - Using 'UTF-8' encoding to copy filtered resources.
2023-02-05 17:17:28,649 [Worker-35: Building] INFO  o.e.m.c.i.embedder.EclipseLogger - skip non existing resourceDirectory C:\projects\Automation\src\test\resources
2023-02-05 17:18:39,804 [Worker-33: Building] INFO  o.e.m.c.i.embedder.EclipseLogger - Using 'UTF-8' encoding to copy filtered resources.
2023-02-05 17:18:39,804 [Worker-33: Building] INFO  o.e.m.c.i.embedder.EclipseLogger - skip non existing resourceDirectory C:\projects\Automation\src\main\resources
2023-02-05 17:18:39,808 [Worker-33: Building] INFO  o.e.m.c.i.embedder.EclipseLogger - Using 'UTF-8' encoding to copy filtered resources.
2023-02-05 17:18:39,808 [Worker-33: Building] INFO  o.e.m.c.i.embedder.EclipseLogger - skip non existing resourceDirectory C:\projects\Automation\src\test\resources
2023-02-05 17:20:58,840 [Worker-34: Launching TestForProject] INFO  o.e.m.c.i.embedder.EclipseLogger - Using 'UTF-8' encoding to copy filtered resources.
2023-02-05 17:20:58,840 [Worker-34: Launching TestForProject] INFO  o.e.m.c.i.embedder.EclipseLogger - skip non existing resourceDirectory C:\projects\Automation\src\main\resources
2023-02-05 17:20:58,843 [Worker-34: Launching TestForProject] INFO  o.e.m.c.i.embedder.EclipseLogger - Using 'UTF-8' encoding to copy filtered resources.
2023-02-05 17:20:58,843 [Worker-34: Launching TestForProject] INFO  o.e.m.c.i.embedder.EclipseLogger - skip non existing resourceDirectory C:\projects\Automation\src\test\resources
2023-02-05 17:23:24,695 [Worker-39: Launching TestForProject] INFO  o.e.m.c.i.embedder.EclipseLogger - Using 'UTF-8' encoding to copy filtered resources.
2023-02-05 17:23:24,696 [Worker-39: Launching TestForProject] INFO  o.e.m.c.i.embedder.EclipseLogger - skip non existing resourceDirectory C:\projects\Automation\src\main\resources
2023-02-05 17:23:24,698 [Worker-39: Launching TestForProject] INFO  o.e.m.c.i.embedder.EclipseLogger - Using 'UTF-8' encoding to copy filtered resources.
2023-02-05 17:23:24,699 [Worker-39: Launching TestForProject] INFO  o.e.m.c.i.embedder.EclipseLogger - skip non existing resourceDirectory C:\projects\Automation\src\test\resources
2023-02-05 17:25:41,420 [Worker-39: Launching TestForProject] INFO  o.e.m.c.i.embedder.EclipseLogger - Using 'UTF-8' encoding to copy filtered resources.
2023-02-05 17:25:41,421 [Worker-39: Launching TestForProject] INFO  o.e.m.c.i.embedder.EclipseLogger - skip non existing resourceDirectory C:\projects\Automation\src\main\resources
2023-02-05 17:25:41,423 [Worker-39: Launching TestForProject] INFO  o.e.m.c.i.embedder.EclipseLogger - Using 'UTF-8' encoding to copy filtered resources.
2023-02-05 17:25:41,424 [Worker-39: Launching TestForProject] INFO  o.e.m.c.i.embedder.EclipseLogger - skip non existing resourceDirectory C:\projects\Automation\src\test\resources
2023-02-05 17:26:29,456 [Worker-35: Launching TestForProject] INFO  o.e.m.c.i.embedder.EclipseLogger - Using 'UTF-8' encoding to copy filtered resources.
2023-02-05 17:26:29,457 [Worker-35: Launching TestForProject] INFO  o.e.m.c.i.embedder.EclipseLogger - skip non existing resourceDirectory C:\projects\Automation\src\main\resources
2023-02-05 17:26:29,459 [Worker-35: Launching TestForProject] INFO  o.e.m.c.i.embedder.EclipseLogger - Using 'UTF-8' encoding to copy filtered resources.
2023-02-05 17:26:29,460 [Worker-35: Launching TestForProject] INFO  o.e.m.c.i.embedder.EclipseLogger - skip non existing resourceDirectory C:\projects\Automation\src\test\resources
2023-02-05 17:30:29,549 [Worker-43: Launching TestForProject] INFO  o.e.m.c.i.embedder.EclipseLogger - Using 'UTF-8' encoding to copy filtered resources.
2023-02-05 17:30:29,549 [Worker-43: Launching TestForProject] INFO  o.e.m.c.i.embedder.EclipseLogger - skip non existing resourceDirectory C:\projects\Automation\src\main\resources
2023-02-05 17:30:29,551 [Worker-43: Launching TestForProject] INFO  o.e.m.c.i.embedder.EclipseLogger - Using 'UTF-8' encoding to copy filtered resources.
2023-02-05 17:30:29,552 [Worker-43: Launching TestForProject] INFO  o.e.m.c.i.embedder.EclipseLogger - skip non existing resourceDirectory C:\projects\Automation\src\test\resources
2023-02-05 17:31:53,610 [Worker-45: Building] INFO  o.e.m.c.i.embedder.EclipseLogger - Using 'UTF-8' encoding to copy filtered resources.
2023-02-05 17:31:53,611 [Worker-45: Building] INFO  o.e.m.c.i.embedder.EclipseLogger - skip non existing resourceDirectory C:\projects\Automation\src\main\resources
2023-02-05 17:31:53,614 [Worker-45: Building] INFO  o.e.m.c.i.embedder.EclipseLogger - Using 'UTF-8' encoding to copy filtered resources.
2023-02-05 17:31:53,614 [Worker-45: Building] INFO  o.e.m.c.i.embedder.EclipseLogger - skip non existing resourceDirectory C:\projects\Automation\src\test\resources
2023-02-05 17:35:59,486 [Worker-37: Launching TestForProject] INFO  o.e.m.c.i.embedder.EclipseLogger - Using 'UTF-8' encoding to copy filtered resources.
2023-02-05 17:35:59,486 [Worker-37: Launching TestForProject] INFO  o.e.m.c.i.embedder.EclipseLogger - skip non existing resourceDirectory C:\projects\Automation\src\main\resources
2023-02-05 17:35:59,490 [Worker-37: Launching TestForProject] INFO  o.e.m.c.i.embedder.EclipseLogger - Using 'UTF-8' encoding to copy filtered resources.
2023-02-05 17:35:59,491 [Worker-37: Launching TestForProject] INFO  o.e.m.c.i.embedder.EclipseLogger - skip non existing resourceDirectory C:\projects\Automation\src\test\resources
2023-02-05 17:38:39,768 [Worker-48: Launching TestForProject] INFO  o.e.m.c.i.embedder.EclipseLogger - Using 'UTF-8' encoding to copy filtered resources.
2023-02-05 17:38:39,769 [Worker-48: Launching TestForProject] INFO  o.e.m.c.i.embedder.EclipseLogger - skip non existing resourceDirectory C:\projects\Automation\src\main\resources
2023-02-05 17:38:39,771 [Worker-48: Launching TestForProject] INFO  o.e.m.c.i.embedder.EclipseLogger - Using 'UTF-8' encoding to copy filtered resources.
2023-02-05 17:38:39,772 [Worker-48: Launching TestForProject] INFO  o.e.m.c.i.embedder.EclipseLogger - skip non existing resourceDirectory C:\projects\Automation\src\test\resources
2023-02-05 17:40:16,984 [Worker-48: Building] INFO  o.e.m.c.i.embedder.EclipseLogger - Using 'UTF-8' encoding to copy filtered resources.
2023-02-05 17:40:16,985 [Worker-48: Building] INFO  o.e.m.c.i.embedder.EclipseLogger - skip non existing resourceDirectory C:\projects\Automation\src\main\resources
2023-02-05 17:40:16,987 [Worker-48: Building] INFO  o.e.m.c.i.embedder.EclipseLogger - Using 'UTF-8' encoding to copy filtered resources.
2023-02-05 17:40:16,987 [Worker-48: Building] INFO  o.e.m.c.i.embedder.EclipseLogger - skip non existing resourceDirectory C:\projects\Automation\src\test\resources
2023-02-05 17:41:43,668 [Worker-48: Launching TestForProject] INFO  o.e.m.c.i.embedder.EclipseLogger - Using 'UTF-8' encoding to copy filtered resources.
2023-02-05 17:41:43,668 [Worker-48: Launching TestForProject] INFO  o.e.m.c.i.embedder.EclipseLogger - skip non existing resourceDirectory C:\projects\Automation\src\main\resources
2023-02-05 17:41:43,670 [Worker-48: Launching TestForProject] INFO  o.e.m.c.i.embedder.EclipseLogger - Using 'UTF-8' encoding to copy filtered resources.
2023-02-05 17:41:43,671 [Worker-48: Launching TestForProject] INFO  o.e.m.c.i.embedder.EclipseLogger - skip non existing resourceDirectory C:\projects\Automation\src\test\resources
2023-02-05 17:43:17,136 [Worker-53: Launching TestForProject] INFO  o.e.m.c.i.embedder.EclipseLogger - Using 'UTF-8' encoding to copy filtered resources.
2023-02-05 17:43:17,136 [Worker-53: Launching TestForProject] INFO  o.e.m.c.i.embedder.EclipseLogger - skip non existing resourceDirectory C:\projects\Automation\src\main\resources
2023-02-05 17:43:17,139 [Worker-53: Launching TestForProject] INFO  o.e.m.c.i.embedder.EclipseLogger - Using 'UTF-8' encoding to copy filtered resources.
2023-02-05 17:43:17,140 [Worker-53: Launching TestForProject] INFO  o.e.m.c.i.embedder.EclipseLogger - skip non existing resourceDirectory C:\projects\Automation\src\test\resources
2023-02-05 17:48:14,495 [Worker-2: Loading available Gradle versions] INFO  o.e.b.c.i.u.g.PublishedGradleVersions - Gradle version information cache is up-to-date. Trying to read.
2023-02-05 17:50:45,812 [Worker-13: Launching TestForProject] INFO  o.e.m.c.i.embedder.EclipseLogger - Using 'UTF-8' encoding to copy filtered resources.
2023-02-05 17:50:45,812 [Worker-13: Launching TestForProject] INFO  o.e.m.c.i.embedder.EclipseLogger - skip non existing resourceDirectory C:\projects\Automation\src\main\resources
2023-02-05 17:50:45,818 [Worker-13: Launching TestForProject] INFO  o.e.m.c.i.embedder.EclipseLogger - Using 'UTF-8' encoding to copy filtered resources.
2023-02-05 17:50:45,818 [Worker-13: Launching TestForProject] INFO  o.e.m.c.i.embedder.EclipseLogger - skip non existing resourceDirectory C:\projects\Automation\src\test\resources
2023-02-05 17:52:57,416 [Worker-15: Launching TestForProject] INFO  o.e.m.c.i.embedder.EclipseLogger - Using 'UTF-8' encoding to copy filtered resources.
2023-02-05 17:52:57,417 [Worker-15: Launching TestForProject] INFO  o.e.m.c.i.embedder.EclipseLogger - skip non existing resourceDirectory C:\projects\Automation\src\main\resources
2023-02-05 17:52:57,420 [Worker-15: Launching TestForProject] INFO  o.e.m.c.i.embedder.EclipseLogger - Using 'UTF-8' encoding to copy filtered resources.
2023-02-05 17:52:57,421 [Worker-15: Launching TestForProject] INFO  o.e.m.c.i.embedder.EclipseLogger - skip non existing resourceDirectory C:\projects\Automation\src\test\resources
2023-02-05 17:56:15,246 [Worker-1: Launching TestForProject] INFO  o.e.m.c.i.embedder.EclipseLogger - Using 'UTF-8' encoding to copy filtered resources.
2023-02-05 17:56:15,246 [Worker-1: Launching TestForProject] INFO  o.e.m.c.i.embedder.EclipseLogger - skip non existing resourceDirectory C:\projects\Automation\src\main\resources
2023-02-05 17:56:15,253 [Worker-1: Launching TestForProject] INFO  o.e.m.c.i.embedder.EclipseLogger - Using 'UTF-8' encoding to copy filtered resources.
2023-02-05 17:56:15,256 [Worker-1: Launching TestForProject] INFO  o.e.m.c.i.embedder.EclipseLogger - skip non existing resourceDirectory C:\projects\Automation\src\test\resources
2023-02-05 17:59:01,177 [Worker-19: Launching TestForProject] INFO  o.e.m.c.i.embedder.EclipseLogger - Using 'UTF-8' encoding to copy filtered resources.
2023-02-05 17:59:01,178 [Worker-19: Launching TestForProject] INFO  o.e.m.c.i.embedder.EclipseLogger - skip non existing resourceDirectory C:\projects\Automation\src\main\resources
2023-02-05 17:59:01,181 [Worker-19: Launching TestForProject] INFO  o.e.m.c.i.embedder.EclipseLogger - Using 'UTF-8' encoding to copy filtered resources.
2023-02-05 17:59:01,181 [Worker-19: Launching TestForProject] INFO  o.e.m.c.i.embedder.EclipseLogger - skip non existing resourceDirectory C:\projects\Automation\src\test\resources
2023-02-05 18:03:12,746 [Worker-23: Launching TestForProject] INFO  o.e.m.c.i.embedder.EclipseLogger - Using 'UTF-8' encoding to copy filtered resources.
2023-02-05 18:03:12,747 [Worker-23: Launching TestForProject] INFO  o.e.m.c.i.embedder.EclipseLogger - skip non existing resourceDirectory C:\projects\Automation\src\main\resources
2023-02-05 18:03:12,751 [Worker-23: Launching TestForProject] INFO  o.e.m.c.i.embedder.EclipseLogger - Using 'UTF-8' encoding to copy filtered resources.
2023-02-05 18:03:12,751 [Worker-23: Launching TestForProject] INFO  o.e.m.c.i.embedder.EclipseLogger - skip non existing resourceDirectory C:\projects\Automation\src\test\resources
2023-02-05 18:05:44,335 [Worker-0: Loading available Gradle versions] INFO  o.e.b.c.i.u.g.PublishedGradleVersions - Gradle version information cache is up-to-date. Trying to read.
2023-02-05 18:06:26,583 [Worker-11: Launching TestForProject] INFO  o.e.m.c.i.embedder.EclipseLogger - Using 'UTF-8' encoding to copy filtered resources.
2023-02-05 18:06:26,585 [Worker-11: Launching TestForProject] INFO  o.e.m.c.i.embedder.EclipseLogger - skip non existing resourceDirectory C:\projects\Automation\src\main\resources
2023-02-05 18:06:26,590 [Worker-11: Launching TestForProject] INFO  o.e.m.c.i.embedder.EclipseLogger - Using 'UTF-8' encoding to copy filtered resources.
2023-02-05 18:06:26,590 [Worker-11: Launching TestForProject] INFO  o.e.m.c.i.embedder.EclipseLogger - skip non existing resourceDirectory C:\projects\Automation\src\test\resources
2023-02-05 18:07:16,447 [Worker-7: Launching TestForProject] INFO  o.e.m.c.i.embedder.EclipseLogger - Using 'UTF-8' encoding to copy filtered resources.
2023-02-05 18:07:16,447 [Worker-7: Launching TestForProject] INFO  o.e.m.c.i.embedder.EclipseLogger - skip non existing resourceDirectory C:\projects\Automation\src\main\resources
2023-02-05 18:07:16,451 [Worker-7: Launching TestForProject] INFO  o.e.m.c.i.embedder.EclipseLogger - Using 'UTF-8' encoding to copy filtered resources.
2023-02-05 18:07:16,451 [Worker-7: Launching TestForProject] INFO  o.e.m.c.i.embedder.EclipseLogger - skip non existing resourceDirectory C:\projects\Automation\src\test\resources
2023-02-05 18:09:39,053 [Worker-17: Launching TestForProject] INFO  o.e.m.c.i.embedder.EclipseLogger - Using 'UTF-8' encoding to copy filtered resources.
2023-02-05 18:09:39,054 [Worker-17: Launching TestForProject] INFO  o.e.m.c.i.embedder.EclipseLogger - skip non existing resourceDirectory C:\projects\Automation\src\main\resources
2023-02-05 18:09:39,057 [Worker-17: Launching TestForProject] INFO  o.e.m.c.i.embedder.EclipseLogger - Using 'UTF-8' encoding to copy filtered resources.
2023-02-05 18:09:39,057 [Worker-17: Launching TestForProject] INFO  o.e.m.c.i.embedder.EclipseLogger - skip non existing resourceDirectory C:\projects\Automation\src\test\resources
2023-02-05 18:12:56,928 [Worker-10: Launching TestForProject] INFO  o.e.m.c.i.embedder.EclipseLogger - Using 'UTF-8' encoding to copy filtered resources.
2023-02-05 18:12:56,929 [Worker-10: Launching TestForProject] INFO  o.e.m.c.i.embedder.EclipseLogger - skip non existing resourceDirectory C:\projects\Automation\src\main\resources
2023-02-05 18:12:56,932 [Worker-10: Launching TestForProject] INFO  o.e.m.c.i.embedder.EclipseLogger - Using 'UTF-8' encoding to copy filtered resources.
2023-02-05 18:12:56,932 [Worker-10: Launching TestForProject] INFO  o.e.m.c.i.embedder.EclipseLogger - skip non existing resourceDirectory C:\projects\Automation\src\test\resources
2023-02-05 18:15:24,356 [Worker-15: Launching TestForProject] INFO  o.e.m.c.i.embedder.EclipseLogger - Using 'UTF-8' encoding to copy filtered resources.
2023-02-05 18:15:24,356 [Worker-15: Launching TestForProject] INFO  o.e.m.c.i.embedder.EclipseLogger - skip non existing resourceDirectory C:\projects\Automation\src\main\resources
2023-02-05 18:15:24,359 [Worker-15: Launching TestForProject] INFO  o.e.m.c.i.embedder.EclipseLogger - Using 'UTF-8' encoding to copy filtered resources.
2023-02-05 18:15:24,360 [Worker-15: Launching TestForProject] INFO  o.e.m.c.i.embedder.EclipseLogger - skip non existing resourceDirectory C:\projects\Automation\src\test\resources
2023-02-05 18:20:56,085 [Worker-10: Building] INFO  o.e.m.c.i.embedder.EclipseLogger - Using 'UTF-8' encoding to copy filtered resources.
2023-02-05 18:20:56,085 [Worker-10: Building] INFO  o.e.m.c.i.embedder.EclipseLogger - skip non existing resourceDirectory C:\projects\Automation\src\main\resources
2023-02-05 18:20:56,088 [Worker-10: Building] INFO  o.e.m.c.i.embedder.EclipseLogger - Using 'UTF-8' encoding to copy filtered resources.
2023-02-05 18:20:56,088 [Worker-10: Building] INFO  o.e.m.c.i.embedder.EclipseLogger - skip non existing resourceDirectory C:\projects\Automation\src\test\resources
